[2026-04-08 02:35:25.226] [242218] [HailoRT] [info] [vstream_builder.cpp:220] [create_outputs] Output pipeline 'yolov8n_10cls/conv52': HW >> (HwReadEl15yolov8n_10cls/conv52 | hw_frame_size: 102400) >> (PullQEl_hw_read15yolov8n_10cls/conv52) >> (PostInferEl15yolov8n_10cls/conv52 | Quantization - src_type: UINT8, dst_type FLOAT32, limvals_min: -16.9789, limvals_max: 18.5098) >> (UserBuffQEl15yolov8n_10cls/conv52 | timeout: 6s)
[2026-04-08 02:35:25.227] [242218] [HailoRT] [info] [edge_elements.cpp:287] [create] Created (HwReadEl14yolov8n_10cls/conv53 | hw_frame_size: 25600)
[2026-04-08 02:35:25.227] [242218] [HailoRT] [info] [queue_elements.cpp:657] [create] Created (PullQEl_hw_read14yolov8n_10cls/conv53)
[2026-04-08 02:35:25.227] [242218] [HailoRT] [info] [filter_elements.cpp:375] [create] Created (PostInferEl14yolov8n_10cls/conv53 | Quantization - src_type: UINT8, dst_type FLOAT32, limvals_min: 0, limvals_max: 1 | Reorder - src_order: FCR, src_shape: (40, 40, 16), dst_order: FCR, dst_shape: (40, 40, 10))
[2026-04-08 02:35:25.227] [242218] [HailoRT] [info] [queue_elements.cpp:800] [create] Created (UserBuffQEl14yolov8n_10cls/conv53 | timeout: 6s)
[2026-04-08 02:35:25.227] [242218] [HailoRT] [info] [vstream.cpp:1114] [OutputVStreamImpl] Creating yolov8n_10cls/conv53...
[2026-04-08 02:35:25.227] [242218] [HailoRT] [info] [vstream_builder.cpp:220] [create_outputs] Output pipeline 'yolov8n_10cls/conv53': HW >> (HwReadEl14yolov8n_10cls/conv53 | hw_frame_size: 25600) >> (PullQEl_hw_read14yolov8n_10cls/conv53) >> (PostInferEl14yolov8n_10cls/conv53 | Quantization - src_type: UINT8, dst_type FLOAT32, limvals_min: 0, limvals_max: 1 | Reorder - src_order: FCR, src_shape: (40, 40, 16), dst_order: FCR, dst_shape: (40, 40, 10)) >> (UserBuffQEl14yolov8n_10cls/conv53 | timeout: 6s)
[2026-04-08 02:35:25.227] [242218] [HailoRT] [info] [edge_elements.cpp:287] [create] Created (HwReadEl11yolov8n_10cls/conv62 | hw_frame_size: 25600)
[2026-04-08 02:35:25.227] [242218] [HailoRT] [info] [queue_elements.cpp:657] [create] Created (PullQEl_hw_read11yolov8n_10cls/conv62)
[2026-04-08 02:35:25.227] [242218] [HailoRT] [info] [filter_elements.cpp:375] [create] Created (PostInferEl11yolov8n_10cls/conv62 | Quantization - src_type: UINT8, dst_type FLOAT32, limvals_min: -18.3037, limvals_max: 14.3357)
[2026-04-08 02:35:25.227] [242218] [HailoRT] [info] [queue_elements.cpp:800] [create] Created (UserBuffQEl11yolov8n_10cls/conv62 | timeout: 6s)
[2026-04-08 02:35:25.227] [242218] [HailoRT] [info] [vstream.cpp:1114] [OutputVStreamImpl] Creating yolov8n_10cls/conv62...
[2026-04-08 02:35:25.227] [242218] [HailoRT] [info] [vstream_builder.cpp:220] [create_outputs] Output pipeline 'yolov8n_10cls/conv62': HW >> (HwReadEl11yolov8n_10cls/conv62 | hw_frame_size: 25600) >> (PullQEl_hw_read11yolov8n_10cls/conv62) >> (PostInferEl11yolov8n_10cls/conv62 | Quantization - src_type: UINT8, dst_type FLOAT32, limvals_min: -18.3037, limvals_max: 14.3357) >> (UserBuffQEl11yolov8n_10cls/conv62 | timeout: 6s)
[2026-04-08 02:35:25.227] [242218] [HailoRT] [info] [edge_elements.cpp:287] [create] Created (HwReadEl2yolov8n_10cls/conv63 | hw_frame_size: 6400)
[2026-04-08 02:35:25.227] [242218] [HailoRT] [info] [queue_elements.cpp:657] [create] Created (PullQEl_hw_read2yolov8n_10cls/conv63)
[2026-04-08 02:35:25.227] [242218] [HailoRT] [info] [filter_elements.cpp:375] [create] Created (PostInferEl2yolov8n_10cls/conv63 | Quantization - src_type: UINT8, dst_type FLOAT32, limvals_min: 0, limvals_max: 1 | Reorder - src_order: FCR, src_shape: (20, 20, 16), dst_order: FCR, dst_shape: (20, 20, 10))
[2026-04-08 02:35:25.227] [242218] [HailoRT] [info] [queue_elements.cpp:800] [create] Created (UserBuffQEl2yolov8n_10cls/conv63 | timeout: 6s)
[2026-04-08 02:35:25.227] [242218] [HailoRT] [info] [vstream.cpp:1114] [OutputVStreamImpl] Creating yolov8n_10cls/conv63...
[2026-04-08 02:35:25.227] [242218] [HailoRT] [info] [vstream_builder.cpp:220] [create_outputs] Output pipeline 'yolov8n_10cls/conv63': HW >> (HwReadEl2yolov8n_10cls/conv63 | hw_frame_size: 6400) >> (PullQEl_hw_read2yolov8n_10cls/conv63) >> (PostInferEl2yolov8n_10cls/conv63 | Quantization - src_type: UINT8, dst_type FLOAT32, limvals_min: 0, limvals_max: 1 | Reorder - src_order: FCR, src_shape: (20, 20, 16), dst_order: FCR, dst_shape: (20, 20, 10)) >> (UserBuffQEl2yolov8n_10cls/conv63 | timeout: 6s)
[2026-04-08 02:38:38.262] [242279] [HailoRT] [info] [queue_elements.cpp:855] [run_in_thread] Shutdown event was signaled in dequeue of UserBuffQEl13yolov8n_10cls/conv41!
[2026-04-08 02:38:38.262] [242278] [HailoRT] [info] [vdevice_native_stream.cpp:331] [read_impl] Failed read from stream HAILO_STREAM_ABORT(63) (device: 0001:03:00.0)
[2026-04-08 02:38:38.262] [242278] [HailoRT] [info] [edge_elements.cpp:396] [run_pull] Reading from stream was aborted!
[2026-04-08 02:38:38.262] [242278] [HailoRT] [info] [queue_elements.cpp:738] [run_in_thread] run_pull of queue element PullQEl_hw_read13yolov8n_10cls/conv41 was aborted!
[2026-04-08 02:38:38.262] [242278] [HailoRT] [info] [queue_elements.cpp:68] [operator()] Thread in element PullQEl_hw_read13yolov8n_10cls/conv41 is not running anymore, exiting..
[2026-04-08 02:38:38.262] [242218] [HailoRT] [info] [queue_elements.cpp:46] [~BaseQueueElement] Queue element PullQEl_hw_read13yolov8n_10cls/conv41 has 0 frames in his Queue on destruction
[2026-04-08 02:38:38.262] [242279] [HailoRT] [info] [queue_elements.cpp:68] [operator()] Thread in element UserBuffQEl13yolov8n_10cls/conv41 is not running anymore, exiting..
[2026-04-08 02:38:38.262] [242218] [HailoRT] [info] [queue_elements.cpp:46] [~BaseQueueElement] Queue element UserBuffQEl13yolov8n_10cls/conv41 has 0 frames in his Queue on destruction
[2026-04-08 02:38:38.262] [242281] [HailoRT] [info] [queue_elements.cpp:855] [run_in_thread] Shutdown event was signaled in dequeue of UserBuffQEl12yolov8n_10cls/conv42!
[2026-04-08 02:38:38.263] [242280] [HailoRT] [info] [vdevice_native_stream.cpp:331] [read_impl] Failed read from stream HAILO_STREAM_ABORT(63) (device: 0001:03:00.0)
[2026-04-08 02:38:38.263] [242280] [HailoRT] [info] [edge_elements.cpp:396] [run_pull] Reading from stream was aborted!
[2026-04-08 02:38:38.263] [242280] [HailoRT] [info] [queue_elements.cpp:738] [run_in_thread] run_pull of queue element PullQEl_hw_read12yolov8n_10cls/conv42 was aborted!
[2026-04-08 02:38:38.263] [242280] [HailoRT] [info] [queue_elements.cpp:68] [operator()] Thread in element PullQEl_hw_read12yolov8n_10cls/conv42 is not running anymore, exiting..
[2026-04-08 02:38:38.263] [242218] [HailoRT] [info] [queue_elements.cpp:46] [~BaseQueueElement] Queue element PullQEl_hw_read12yolov8n_10cls/conv42 has 0 frames in his Queue on destruction
[2026-04-08 02:38:38.263] [242281] [HailoRT] [info] [queue_elements.cpp:68] [operator()] Thread in element UserBuffQEl12yolov8n_10cls/conv42 is not running anymore, exiting..
[2026-04-08 02:38:38.263] [242218] [HailoRT] [info] [queue_elements.cpp:46] [~BaseQueueElement] Queue element UserBuffQEl12yolov8n_10cls/conv42 has 0 frames in his Queue on destruction
[2026-04-08 02:38:38.263] [242282] [HailoRT] [info] [vdevice_native_stream.cpp:331] [read_impl] Failed read from stream HAILO_STREAM_ABORT(63) (device: 0001:03:00.0)
[2026-04-08 02:38:38.263] [242283] [HailoRT] [info] [queue_elements.cpp:855] [run_in_thread] Shutdown event was signaled in dequeue of UserBuffQEl15yolov8n_10cls/conv52!
[2026-04-08 02:38:38.263] [242282] [HailoRT] [info] [edge_elements.cpp:396] [run_pull] Reading from stream was aborted!
[2026-04-08 02:38:38.263] [242282] [HailoRT] [info] [queue_elements.cpp:738] [run_in_thread] run_pull of queue element PullQEl_hw_read15yolov8n_10cls/conv52 was aborted!
[2026-04-08 02:38:38.263] [242282] [HailoRT] [info] [queue_elements.cpp:68] [operator()] Thread in element PullQEl_hw_read15yolov8n_10cls/conv52 is not running anymore, exiting..
[2026-04-08 02:38:38.263] [242218] [HailoRT] [info] [queue_elements.cpp:46] [~BaseQueueElement] Queue element PullQEl_hw_read15yolov8n_10cls/conv52 has 0 frames in his Queue on destruction
[2026-04-08 02:38:38.263] [242283] [HailoRT] [info] [queue_elements.cpp:68] [operator()] Thread in element UserBuffQEl15yolov8n_10cls/conv52 is not running anymore, exiting..
[2026-04-08 02:38:38.263] [242218] [HailoRT] [info] [queue_elements.cpp:46] [~BaseQueueElement] Queue element UserBuffQEl15yolov8n_10cls/conv52 has 0 frames in his Queue on destruction
[2026-04-08 02:38:38.263] [242284] [HailoRT] [info] [vdevice_native_stream.cpp:331] [read_impl] Failed read from stream HAILO_STREAM_ABORT(63) (device: 0001:03:00.0)
[2026-04-08 02:38:38.263] [242284] [HailoRT] [info] [edge_elements.cpp:396] [run_pull] Reading from stream was aborted!
[2026-04-08 02:38:38.263] [242284] [HailoRT] [info] [queue_elements.cpp:738] [run_in_thread] run_pull of queue element PullQEl_hw_read14yolov8n_10cls/conv53 was aborted!
[2026-04-08 02:38:38.263] [242285] [HailoRT] [info] [queue_elements.cpp:855] [run_in_thread] Shutdown event was signaled in dequeue of UserBuffQEl14yolov8n_10cls/conv53!
[2026-04-08 02:38:38.263] [242284] [HailoRT] [info] [queue_elements.cpp:68] [operator()] Thread in element PullQEl_hw_read14yolov8n_10cls/conv53 is not running anymore, exiting..
[2026-04-08 02:38:38.263] [242218] [HailoRT] [info] [queue_elements.cpp:46] [~BaseQueueElement] Queue element PullQEl_hw_read14yolov8n_10cls/conv53 has 0 frames in his Queue on destruction
[2026-04-08 02:38:38.263] [242285] [HailoRT] [info] [queue_elements.cpp:68] [operator()] Thread in element UserBuffQEl14yolov8n_10cls/conv53 is not running anymore, exiting..
[2026-04-08 02:38:38.263] [242218] [HailoRT] [info] [queue_elements.cpp:46] [~BaseQueueElement] Queue element UserBuffQEl14yolov8n_10cls/conv53 has 0 frames in his Queue on destruction
[2026-04-08 02:38:38.263] [242287] [HailoRT] [info] [queue_elements.cpp:855] [run_in_thread] Shutdown event was signaled in dequeue of UserBuffQEl11yolov8n_10cls/conv62!
[2026-04-08 02:38:38.263] [242286] [HailoRT] [info] [vdevice_native_stream.cpp:331] [read_impl] Failed read from stream HAILO_STREAM_ABORT(63) (device: 0001:03:00.0)
[2026-04-08 02:38:38.263] [242286] [HailoRT] [info] [edge_elements.cpp:396] [run_pull] Reading from stream was aborted!
[2026-04-08 02:38:38.263] [242286] [HailoRT] [info] [queue_elements.cpp:738] [run_in_thread] run_pull of queue element PullQEl_hw_read11yolov8n_10cls/conv62 was aborted!
[2026-04-08 02:38:38.263] [242286] [HailoRT] [info] [queue_elements.cpp:68] [operator()] Thread in element PullQEl_hw_read11yolov8n_10cls/conv62 is not running anymore, exiting..
[2026-04-08 02:38:38.263] [242218] [HailoRT] [info] [queue_elements.cpp:46] [~BaseQueueElement] Queue element PullQEl_hw_read11yolov8n_10cls/conv62 has 0 frames in his Queue on destruction
[2026-04-08 02:38:38.263] [242287] [HailoRT] [info] [queue_elements.cpp:68] [operator()] Thread in element UserBuffQEl11yolov8n_10cls/conv62 is not running anymore, exiting..
[2026-04-08 02:38:38.263] [242218] [HailoRT] [info] [queue_elements.cpp:46] [~BaseQueueElement] Queue element UserBuffQEl11yolov8n_10cls/conv62 has 0 frames in his Queue on destruction
[2026-04-08 02:38:38.263] [242289] [HailoRT] [info] [queue_elements.cpp:855] [run_in_thread] Shutdown event was signaled in dequeue of UserBuffQEl2yolov8n_10cls/conv63!
[2026-04-08 02:38:38.263] [242288] [HailoRT] [info] [vdevice_native_stream.cpp:331] [read_impl] Failed read from stream HAILO_STREAM_ABORT(63) (device: 0001:03:00.0)
[2026-04-08 02:38:38.263] [242288] [HailoRT] [info] [edge_elements.cpp:396] [run_pull] Reading from stream was aborted!
[2026-04-08 02:38:38.263] [242288] [HailoRT] [info] [queue_elements.cpp:738] [run_in_thread] run_pull of queue element PullQEl_hw_read2yolov8n_10cls/conv63 was aborted!
[2026-04-08 02:38:38.263] [242288] [HailoRT] [info] [queue_elements.cpp:68] [operator()] Thread in element PullQEl_hw_read2yolov8n_10cls/conv63 is not running anymore, exiting..
[2026-04-08 02:38:38.263] [242218] [HailoRT] [info] [queue_elements.cpp:46] [~BaseQueueElement] Queue element PullQEl_hw_read2yolov8n_10cls/conv63 has 0 frames in his Queue on destruction
[2026-04-08 02:38:38.263] [242289] [HailoRT] [info] [queue_elements.cpp:68] [operator()] Thread in element UserBuffQEl2yolov8n_10cls/conv63 is not running anymore, exiting..
[2026-04-08 02:38:38.263] [242218] [HailoRT] [info] [queue_elements.cpp:46] [~BaseQueueElement] Queue element UserBuffQEl2yolov8n_10cls/conv63 has 0 frames in his Queue on destruction
[2026-04-08 02:38:38.263] [242277] [HailoRT] [info] [queue_elements.cpp:68[2026-04-08 02:38:46.447] [251455] [HailoRT] [info] [vdevice.cpp:523] [create] Creating vdevice with params: device_count: 1, scheduling_algorithm: NONE, multi_process_service: false
[2026-04-08 02:38:46.458] [251455] [HailoRT] [info] [device.cpp:49] [Device] OS Version: Linux 6.12.25+rpt-rpi-2712 #1 SMP PREEMPT Debian 1:6.12.25-1+rpt1 (2025-04-30) aarch64
[2026-04-08 02:38:46.459] [251455] [HailoRT] [info] [control.cpp:108] [control__parse_identify_results] firmware_version is: 4.20.0
[2026-04-08 02:38:46.459] [251455] [HailoRT] [info] [vdevice.cpp:651] [create] VDevice Infos: 0001:03:00.0
[2026-04-08 02:38:46.465] [251455] [HailoRT] [info] [internal_buffer_manager.cpp:202] [print_execution_results] Default Internal buffer planner failed to meet requirements
[2026-04-08 02:38:46.465] [251455] [HailoRT] [info] [internal_buffer_manager.cpp:212] [print_execution_results] Default Internal buffer planner executed successfully
[2026-04-08 02:38:46.477] [251455] [HailoRT] [info] [device_internal.cpp:57] [configure] Configuring HEF took 17.264289 milliseconds
[2026-04-08 02:38:46.477] [251455] [HailoRT] [info] [vdevice.cpp:749] [configure] Configuring HEF on VDevice took 17.660002 milliseconds
[2026-04-08 02:38:46.477] [251455] [HailoRT] [info] [hef.cpp:1929] [get_network_group_and_network_name] No name was given. Addressing all networks of default network_group: yolov8n_10cls
[2026-04-08 02:38:46.478] [251455] [HailoRT] [info] [core_op.cpp:156] [activate] Activating yolov8n_10cls took 0.571476 milliseconds. Note that the function is asynchronous and thus the network is not fully activated yet.
[2026-04-08 02:38:46.478] [251455] [HailoRT] [info] [core_op.cpp:156] [activate] Activating yolov8n_10cls took 0.585272 milliseconds. Note that the function is asynchronous and thus the network is not fully activated yet.
[2026-04-08 02:38:46.478] [251455] [HailoRT] [info] [edge_elements.cpp:52] [create] Created (HwWriteEl10yolov8n_10cls/input_layer1 | hw_frame_size: 1228800)
[2026-04-08 02:38:46.478] [251455] [HailoRT] [info] [queue_elements.cpp:284] [create] Created (PushQEl10yolov8n_10cls/input_layer1 | timeout: 10s)
[2026-04-08 02:38:46.478] [251455] [HailoRT] [info] [filter_elements.cpp:101] [create] Created (PreInferEl10yolov8n_10cls/input_layer1 | Reorder - src_order: NHWC, src_shape: (640, 640, 3), dst_order: NHCW, dst_shape: (640, 640, 3))
[2026-04-08 02:38:46.478] [251455] [HailoRT] [info] [vstream.cpp:754] [InputVStreamImpl] Creating yolov8n_10cls/input_layer1...
[2026-04-08 02:38:46.478] [251455] [HailoRT] [info] [vstream_builder.cpp:102] [create_inputs] Input pipeline 'yolov8n_10cls/input_layer1': (PreInferEl10yolov8n_10cls/input_layer1 | Reorder - src_order: NHWC, src_shape: (640, 640, 3), dst_order: NHCW, dst_shape: (640, 640, 3)) >> (PushQEl10yolov8n_10cls/input_layer1 | timeout: 10s) >> (HwWriteEl10yolov8n_10cls/input_layer1 | hw_frame_size: 1228800) >> HW
[2026-04-08 02:38:46.479] [251455] [HailoRT] [info] [edge_elements.cpp:287] [create] Created (HwReadEl13yolov8n_10cls/conv41 | hw_frame_size: 409600)
[2026-04-08 02:38:46.479] [251455] [HailoRT] [info] [queue_elements.cpp:657] [create] Created (PullQEl_hw_read13yolov8n_10cls/conv41)
[2026-04-08 02:38:46.479] [251455] [HailoRT] [info] [filter_elements.cpp:375] [create] Created (PostInferEl13yolov8n_10cls/conv41 | Quantization - src_type: UINT8, dst_type FLOAT32, limvals_min: -19.2448, limvals_max: 19.703)
[2026-04-08 02:38:46.479] [251455] [HailoRT] [info] [queue_elements.cpp:800] [create] Created (UserBuffQEl13yolov8n_10cls/conv41 | timeout: 6s)
[2026-04-08 02:38:46.479] [251455] [HailoRT] [info] [vstream.cpp:1114] [OutputVStreamImpl] Creating yolov8n_10cls/conv41...
[2026-04-08 02:38:46.479] [251455] [HailoRT] [info] [vstream_builder.cpp:220] [create_outputs] Output pipeline 'yolov8n_10cls/conv41': HW >> (HwReadEl13yolov8n_10cls/conv41 | hw_frame_size: 409600) >> (PullQEl_hw_read13yolov8n_10cls/conv41) >> (PostInferEl13yolov8n_10cls/conv41 | Quantization - src_type: UINT8, dst_type FLOAT32, limvals_min: -19.2448, limvals_max: 19.703) >> (UserBuffQEl13yolov8n_10cls/conv41 | timeout: 6s)
[2026-04-08 02:38:46.479] [251455] [HailoRT] [info] [edge_elements.cpp:287] [create] Created (HwReadEl12yolov8n_10cls/conv42 | hw_frame_size: 102400)
[2026-04-08 02:38:46.479] [251455] [HailoRT] [info] [queue_elements.cpp:657] [create] Created (PullQEl_hw_read12yolov8n_10cls/conv42)
[2026-04-08 02:38:46.479] [251455] [HailoRT] [info] [filter_elements.cpp:375] [create] Created (PostInferEl12yolov8n_10cls/conv42 | Quantization - src_type: UINT8, dst_type FLOAT32, limvals_min: 0, limvals_max: 1 | Reorder - src_order: FCR, src_shape: (80, 80, 16), dst_order: FCR, dst_shape: (80, 80, 10))
[2026-04-08 02:38:46.479] [251455] [HailoRT] [info] [queue_elements.cpp:800] [create] Created (UserBuffQEl12yolov8n_10cls/conv42 | timeout: 6s)
[2026-04-08 02:38:46.479] [251455] [HailoRT] [info] [vstream.cpp:1114] [OutputVStreamImpl] Creating yolov8n_10cls/conv42...
[2026-04-08 02:38:46.479] [251455] [HailoRT] [info] [vstream_builder.cpp:220] [create_outputs] Output pipeline 'yolov8n_10cls/conv42': HW >> (HwReadEl12yolov8n_10cls/conv42 | hw_frame_size: 102400) >> (PullQEl_hw_read12yolov8n_10cls/conv42) >> (PostInferEl12yolov8n_10cls/conv42 | Quantization - src_type: UINT8, dst_type FLOAT32, limvals_min: 0, limvals_max: 1 | Reorder - src_order: FCR, src_shape: (80, 80, 16), dst_order: FCR, dst_shape: (80, 80, 10)) >> (UserBuffQEl12yolov8n_10cls/conv42 | timeout: 6s)
[2026-04-08 02:38:46.479] [251455] [HailoRT] [info] [edge_elements.cpp:287] [create] Created (HwReadEl15yolov8n_10cls/conv52 | hw_frame_size: 102400)
[2026-04-08 02:38:46.479] [251455] [HailoRT] [info] [queue_elements.cpp:657] [create] Created (PullQEl_hw_read15yolov8n_10cls/conv52)
[2026-04-08 02:38:46.479] [251455] [HailoRT] [info] [filter_elements.cpp:375] [create] Created (PostInferEl15yolov8n_10cls/conv52 | Quantization - src_type: UINT8, dst_type FLOAT32, limvals_min: -16.9789, limvals_max: 18.5098)
[2026-04-08 02:38:46.479] [251455] [HailoRT] [info] [queue_elements.cpp:800] [create] Created (UserBuffQEl15yolov8n_10cls/conv52 | timeout: 6s)
[2026-04-08 02:38:46.479] [251455] [HailoRT] [info] [vstream.cpp:1114] [OutputVStreamImpl] Creating yolov8n_10cls/conv52...
[2026-04-08 02:38:46.479] [251455] [HailoRT] [info] [vstream_builder.cpp:220] [create_outputs] Output pipeline 'yolov8n_10cls/conv52': HW >> (HwReadEl15yolov8n_10cls/conv52 | hw_frame_size: 102400) >> (PullQEl_hw_read15yolov8n_10cls/conv52) >> (PostInferEl15yolov8n_10cls/conv52 | Quantization - src_type: UINT8, dst_type FLOAT32, limvals_min: -16.9789, limvals_max: 18.5098) >> (UserBuffQEl15yolov8n_10cls/conv52 | timeout: 6s)
[2026-04-08 02:38:46.479] [251455] [HailoRT] [info] [edge_elements.cpp:287] [create] Created (HwReadEl14yolov8n_10cls/conv53 | hw_frame_size: 25600)
[2026-04-08 02:38:46.479] [251455] [HailoRT] [info] [queue_elements.cpp:657] [create] Created (PullQEl_hw_read14yolov8n_10cls/conv53)
[2026-04-08 02:38:46.479] [251455] [HailoRT] [info] [filter_elements.cpp:375] [create] Created (PostInferEl14yolov8n_10cls/conv53 | Quantization - src_type: UINT8, dst_type FLOAT32, limvals_min: 0, limvals_max: 1 | Reorder - src_order: FCR, src_shape: (40, 40, 16), dst_order: FCR, dst_shape: (40, 40, 10))
[2026-04-08 02:38:46.480] [251455] [HailoRT] [info] [queue_elements.cpp:800] [create] Created (UserBuffQEl14yolov8n_10cls/conv53 | timeout: 6s)
[2026-04-08 02:38:46.480] [251455] [HailoRT] [info] [vstream.cpp:1114] [OutputVStreamImpl] Creating yolov8n_10cls/conv53...
[2026-04-08 02:38:46.480] [251455] [HailoRT] [info] [vstream_builder.cpp:220] [create_outputs] Output pipeline 'yolov8n_10cls/conv53': HW >> (HwReadEl14yolov8n_10cls/conv53 | hw_frame_size: 25600) >> (PullQEl_hw_read14yolov8n_10cls/conv53) >> (PostInferEl14yolov8n_10cls/conv53 | Quantization - src_type: UINT8, dst_type FLOAT32, limvals_min: 0, limvals_max: 1 | Reorder - src_order: FCR, src_shape: (40, 40, 16), dst_order: FCR, dst_shape: (40, 40, 10)) >> (UserBuffQEl14yolov8n_10cls/conv53 | timeout: 6s)
[2026-04-08 02:38:46.480] [251455] [HailoRT] [info] [edge_elements.cpp:287] [create] Created (HwReadEl11yolov8n_10cls/conv62 | hw_frame_size: 25600)
[2026-04-08 02:38:46.480] [251455] [HailoRT] [info] [queue_elements.cpp:657] [create] Created (PullQEl_hw_read11yolov8n_10cls/conv62)
[2026-04-08 02:38:46.480] [251455] [HailoRT] [info] [filter_elements.cpp:375] [create] Created (PostInferEl11yolov8n_10cls/conv62 | Quantization - src_type: UINT8, dst_type FLOAT32, limvals_min: -18.3037, limvals_max: 14.3357)
[2026-04-08 02:38:46.480] [251455] [HailoRT] [info] [queue_elements.cpp:800] [create] Created (UserBuffQEl11yolov8n_10cls/conv62 | timeout: 6s)
[2026-04-08 02:38:46.480] [251455] [HailoRT] [info] [vstream.cpp:1114] [OutputVStreamImpl] Creating yolov8n_10cls/conv62...
[2026-04-08 02:38:46.480] [251455] [HailoRT] [info] [vstream_builder.cpp:220] [create_outputs] Output pipeline 'yolov8n_10cls/conv62': HW >> (HwReadEl11yolov8n_10cls/conv62 | hw_frame_size: 25600) >> (PullQEl_hw_read11yolov8n_10cls/conv62) >> (PostInferEl11yolov8n_10cls/conv62 | Quantization - src_type: UINT8, dst_type FLOAT32, limvals_min: -18.3037, limvals_max: 14.3357) >> (UserBuffQEl11yolov8n_10cls/conv62 | timeout: 6s)
[2026-04-08 02:38:46.480] [251455] [HailoRT] [info] [edge_elements.cpp:287] [create] Created (HwReadEl2yolov8n_10cls/conv63 | hw_frame_size: 6400)
[2026-04-08 02:38:46.480] [251455] [HailoRT] [info] [queue_elements.cpp:657] [create] Created (PullQEl_hw_read2yolov8n_10cls/conv63)
[2026-04-08 02:38:46.480] [251455] [HailoRT] [info] [filter_elements.cpp:375] [create] Created (PostInferEl2yolov8n_10cls/conv63 | Quantization - src_type: UINT8, dst_type FLOAT32, limvals_min: 0, limvals_max: 1 | Reorder - src_order: FCR, src_shape: (20, 20, 16), dst_order: FCR, dst_shape: (20, 20, 10))
[2026-04-08 02:38:46.480] [251455] [HailoRT] [info] [queue_elements.cpp:800] [create] Created (UserBuffQEl2yolov8n_10cls/conv63 | timeout: 6s)
[2026-04-08 02:38:46.480] [251455] [HailoRT] [info] [vstream.cpp:1114] [OutputVStreamImpl] Creating yolov8n_10cls/conv63...
[2026-04-08 02:38:46.480] [251455] [HailoRT] [info] [vstream_builder.cpp:220] [create_outputs] Output pipeline 'yolov8n_10cls/conv63': HW >> (HwReadEl2yolov8n_10cls/conv63 | hw_frame_size: 6400) >> (PullQEl_hw_read2yolov8n_10cls/conv63) >> (PostInferEl2yolov8n_10cls/conv63 | Quantization - src_type: UINT8, dst_type FLOAT32, limvals_min: 0, limvals_max: 1 | Reorder - src_order: FCR, src_shape: (20, 20, 16), dst_order: FCR, dst_shape: (20, 20, 10)) >> (UserBuffQEl2yolov8n_10cls/conv63 | timeout: 6s)
[2026-04-08 02:39:41.286] [251520] [HailoRT] [info] [queue_elements.cpp:855] [run_in_thread] Shutdown event was signaled in dequeue of UserBuffQEl13yolov8n_10cls/conv41!
[2026-04-08 02:39:41.286] [251519] [HailoRT] [info] [vdevice_native_stream.cpp:331] [read_impl] Failed read from stream HAILO_STREAM_ABORT(63) (device: 0001:03:00.0)
[2026-04-08 02:39:41.286] [251519] [HailoRT] [info] [edge_elements.cpp:396] [run_pull] Reading from stream was aborted!
[2026-04-08 02:39:41.286] [251519] [HailoRT] [info] [queue_elements.cpp:738] [run_in_thread] run_pull of queue element PullQEl_hw_read13yolov8n_10cls/conv41 was aborted!
[2026-04-08 02:39:41.286] [251519] [HailoRT] [info] [queue_elements.cpp:68] [operator()] Thread in element PullQEl_hw_read13yolov8n_10cls/conv41 is not running anymore, exiting..
[2026-04-08 02:39:41.287] [251455] [HailoRT] [info] [queue_elements.cpp:46] [~BaseQueueElement] Queue element PullQEl_hw_read13yolov8n_10cls/conv41 has 0 frames in his Queue on destruction
[2026-04-08 02:39:41.287] [251520] [HailoRT] [info] [queue_elements.cpp:68] [operator()] Thread in element UserBuffQEl13yolov8n_10cls/conv41 is not running anymore, exiting..
[2026-04-08 02:39:41.287] [251455] [HailoRT] [info] [queue_elements.cpp:46] [~BaseQueueElement] Queue element UserBuffQEl13yolov8n_10cls/conv41 has 0 frames in his Queue on destruction
[2026-04-08 02:39:41.287] [251522] [HailoRT] [info] [queue_elements.cpp:855] [run_in_thread] Shutdown event was signaled in dequeue of UserBuffQEl12yolov8n_10cls/conv42!
[2026-04-08 02:39:41.287] [251521] [HailoRT] [info] [vdevice_native_stream.cpp:331] [read_impl] Failed read from stream HAILO_STREAM_ABORT(63) (device: 0001:03:00.0)
[2026-04-08 02:39:41.287] [251521] [HailoRT] [info] [edge_elements.cpp:396] [run_pull] Reading from stream was aborted!
[2026-04-08 02:39:41.287] [251521] [HailoRT] [info] [queue_elements.cpp:738] [run_in_thread] run_pull of queue element PullQEl_hw_read12yolov8n_10cls/conv42 was aborted!
[2026-04-08 02:39:41.287] [251521] [HailoRT] [info] [queue_elements.cpp:68] [operator()] Thread in element PullQEl_hw_read12yolov8n_10cls/conv42 is not running anymore, exiting..
[2026-04-08 02:39:41.287] [251455] [HailoRT] [info] [queue_elements.cpp:46] [~BaseQueueElement] Queue element PullQEl_hw_read12yolov8n_10cls/conv42 has 0 frames in his Queue on destruction
[2026-04-08 02:39:41.287] [251522] [HailoRT] [info] [queue_elements.cpp:68] [operator()] Thread in element UserBuffQEl12yolov8n_10cls/conv42 is not running anymore, exiting..
[2026-04-08 02:39:41.287] [251455] [HailoRT] [info] [queue_elements.cpp:46] [~BaseQueueElement] Queue element UserBuffQEl12yolov8n_10cls/conv42 has 0 frames in his Queue on destruction
[2026-04-08 02:39:41.287] [251523] [HailoRT] [info] [vdevice_native_stream.cpp:331] [read_impl] Failed read from stream HAILO_STREAM_ABORT(63) (device: 0001:03:00.0)
[2026-04-08 02:39:41.287] [251523] [HailoRT] [info] [edge_elements.cpp:396] [run_pull] Reading from stream was aborted!
[2026-04-08 02:39:41.287] [251523] [HailoRT] [info] [queue_elements.cpp:738] [run_in_thread] run_pull of queue element PullQEl_hw_read15yolov8n_10cls/conv52 was aborted!
[2026-04-08 02:39:41.287] [251524] [HailoRT] [info] [queue_elements.cpp:855] [run_in_thread] Shutdown event was signaled in dequeue of UserBuffQEl15yolov8n_10cls/conv52!
[2026-04-08 02:39:41.287] [251523] [HailoRT] [info] [queue_elements.cpp:68] [operator()] Thread in element PullQEl_hw_read15yolov8n_10cls/conv52 is not running anymore, exiting..
[2026-04-08 02:39:41.287] [251455] [HailoRT] [info] [queue_elements.cpp:46] [~BaseQueueElement] Queue element PullQEl_hw_read15yolov8n_10cls/conv52 has 0 frames in his Queue on destruction
[2026-04-08 02:39:41.287] [251524] [HailoRT] [info] [queue_elements.cpp:68] [operator()] Thread in element UserBuffQEl15yolov8n_10cls/conv52 is not running anymore, exiting..
[2026-04-08 02:39:41.287] [251455] [HailoRT] [info] [queue_elements.cpp:46] [~BaseQueueElement] Queue element UserBuffQEl15yolov8n_10cls/conv52 has 0 frames in his Queue on destruction
[2026-04-08 02:39:41.287] [251525] [HailoRT] [info] [vdevice_native_stream.cpp:331] [read_impl] Failed read from stream HAILO_STREAM_ABORT(63) (device: 0001:03:00.0)
[2026-04-08 02:39:41.287] [251525] [HailoRT] [info] [edge_elements.cpp:396] [run_pull] Reading from stream was aborted!
[2026-04-08 02:39:41.287] [251526] [HailoRT] [info] [queue_elements.cpp:855] [run_in_thread] Shutdown event was signaled in dequeue of UserBuffQEl14yolov8n_10cls/conv53!
[2026-04-08 02:39:41.287] [251525] [HailoRT] [info] [queue_elements.cpp:738] [run_in_thread] run_pull of queue element PullQEl_hw_read14yolov8n_10cls/conv53 was aborted!
[2026-04-08 02:39:41.287] [251525] [HailoRT] [info] [queue_elements.cpp:68] [operator()] Thread in element PullQEl_hw_read14yolov8n_10cls/conv53 is not running anymore, exiting..
[2026-04-08 02:39:41.287] [251455] [HailoRT] [info] [queue_elements.cpp:46] [~BaseQueueElement] Queue element PullQEl_hw_read14yolov8n_10cls/conv53 has 0 frames in his Queue on destruction
[2026-04-08 02:39:41.287] [251526] [HailoRT] [info] [queue_elements.cpp:68] [operator()] Thread in element UserBuffQEl14yolov8n_10cls/conv53 is not running anymore, exiting..
[2026-04-08 02:39:41.287] [251455] [HailoRT] [info] [queue_elements.cpp:46] [~BaseQueueElement] Queue element UserBuffQEl14yolov8n_10cls/conv53 has 0 frames in his Queue on destruction
[2026-04-08 02:39:41.287] [251527] [HailoRT] [info] [vdevice_native_stream.cpp:331] [read_impl] Failed read from stream HAILO_STREAM_ABORT(63) (device: 0001:03:00.0)
[2026-04-08 02:39:41.287] [251527] [HailoRT] [info] [edge_elements.cpp:396] [run_pull] Reading from stream was aborted!
[2026-04-08 02:39:41.287] [251527] [HailoRT] [info] [queue_elements.cpp:738] [run_in_thread] run_pull of queue element PullQEl_hw_read11yolov8n_10cls/conv62 was aborted!
[2026-04-08 02:39:41.287] [251528] [HailoRT] [info] [queue_elements.cpp:855] [run_in_thread] Shutdown event was signaled in dequeue of UserBuffQEl11yolov8n_10cls/conv62!
[2026-04-08 02:39:41.287] [251527] [HailoRT] [info] [queue_elements.cpp:68] [operator()] Thread in element PullQEl_hw_read11yolov8n_10cls/conv62 is not running anymore, exiting..
[2026-04-08 02:39:41.287] [251455] [HailoRT] [info] [queue_elements.cpp:46] [~BaseQueueElement] Queue element PullQEl_hw_read11yolov8n_10cls/conv62 has 0 frames in his Queue on destruction
[2026-04-08 02:39:41.287] [251528] [HailoRT] [info] [queue_elements.cpp:68] [operator()] Thread in element UserBuffQEl11yolov8n_10cls/conv62 is not running anymore, exiting..
[2026-04-08 02:39:41.288] [251455] [HailoRT] [info] [queue_elements.cpp:46] [~BaseQueueElement] Queue element UserBuffQEl11yolov8n_10cls/conv62 has 0 frames in his Queue on destruction
[2026-04-08 02:39:41.288] [251529] [HailoRT] [info] [vdevice_native_stream.cpp:331] [read_impl] Failed read from stream HAILO_STREAM_ABORT(63) (device: 0001:03:00.0)
[2026-04-08 02:39:41.288] [251529] [HailoRT] [info] [edge_elements.cpp:396] [run_pull] Reading from stream was aborted!
[2026-04-08 02:39:41.288] [251530] [HailoRT] [info] [queue_elements.cpp:855] [run_in_thread] Shutdown event was signaled in dequeue of UserBuffQEl2yolov8n_10cls/conv63!
[2026-04-08 02:39:41.288] [251529] [HailoRT] [info] [queue_elements.cpp:738] [run_in_thread] run_pull of queue element PullQEl_hw_read2yolov8n_10cls/conv63 was aborted!
[2026-04-08 02:39:41.288] [251529] [HailoRT] [info] [queue_elements.cpp:68] [operator()] Thread in element PullQEl_hw_read2yolov8n_10cls/conv63 is not running anymore, exiting..
[2026-04-08 02:39:41.288] [251455] [HailoRT] [info] [queue_elements.cpp:46] [~BaseQueueElement] Queue element PullQEl_hw_read2yolov8n_10cls/conv63 has 0 frames in his Queue on destruction
[2026-04-08 02:39:41.288] [251530] [HailoRT] [info] [queue_elements.cpp:68] [operator()] Thread in element UserBuffQEl2yolov8n_10cls/conv63 is not running anymore, exiting..
[2026-04-08 02:39:41.288] [251455] [HailoRT] [info] [queue_elements.cpp:46] [~BaseQueueElement] Queue element UserBuffQEl2yolov8n_10cls/conv63 has 0 frames in his Queue on destruction
[2026-04-08 02:39:41.288] [251455] [HailoRT] [info] [queue_elements.cpp:46[2026-04-08 02:42:13.630] [254553] [HailoRT] [info] [vdevice.cpp:523] [create] Creating vdevice with params: device_count: 1, scheduling_algorithm: NONE, multi_process_service: false
[2026-04-08 02:42:13.642] [254553] [HailoRT] [info] [device.cpp:49] [Device] OS Version: Linux 6.12.25+rpt-rpi-2712 #1 SMP PREEMPT Debian 1:6.12.25-1+rpt1 (2025-04-30) aarch64
[2026-04-08 02:42:13.644] [254553] [HailoRT] [info] [control.cpp:108] [control__parse_identify_results] firmware_version is: 4.20.0
[2026-04-08 02:42:13.644] [254553] [HailoRT] [info] [vdevice.cpp:651] [create] VDevice Infos: 0001:03:00.0
[2026-04-08 02:42:13.649] [254553] [HailoRT] [info] [internal_buffer_manager.cpp:202] [print_execution_results] Default Internal buffer planner failed to meet requirements
[2026-04-08 02:42:13.649] [254553] [HailoRT] [info] [internal_buffer_manager.cpp:212] [print_execution_results] Default Internal buffer planner executed successfully
[2026-04-08 02:42:13.662] [254553] [HailoRT] [info] [device_internal.cpp:57] [configure] Configuring HEF took 18.343718 milliseconds
[2026-04-08 02:42:13.663] [254553] [HailoRT] [info] [vdevice.cpp:749] [configure] Configuring HEF on VDevice took 18.796393 milliseconds
[2026-04-08 02:42:13.663] [254553] [HailoRT] [info] [hef.cpp:1929] [get_network_group_and_network_name] No name was given. Addressing all networks of default network_group: yolov8n_10cls
[2026-04-08 02:42:13.663] [254553] [HailoRT] [info] [core_op.cpp:156] [activate] Activating yolov8n_10cls took 0.636994 milliseconds. Note that the function is asynchronous and thus the network is not fully activated yet.
[2026-04-08 02:42:13.663] [254553] [HailoRT] [info] [core_op.cpp:156] [activate] Activating yolov8n_10cls took 0.648438 milliseconds. Note that the function is asynchronous and thus the network is not fully activated yet.
[2026-04-08 02:42:13.664] [254553] [HailoRT] [info] [edge_elements.cpp:52] [create] Created (HwWriteEl10yolov8n_10cls/input_layer1 | hw_frame_size: 1228800)
[2026-04-08 02:42:13.664] [254553] [HailoRT] [info] [queue_elements.cpp:284] [create] Created (PushQEl10yolov8n_10cls/input_layer1 | timeout: 10s)
[2026-04-08 02:42:13.664] [254553] [HailoRT] [info] [filter_elements.cpp:101] [create] Created (PreInferEl10yolov8n_10cls/input_layer1 | Reorder - src_order: NHWC, src_shape: (640, 640, 3), dst_order: NHCW, dst_shape: (640, 640, 3))
[2026-04-08 02:42:13.664] [254553] [HailoRT] [info] [vstream.cpp:754] [InputVStreamImpl] Creating yolov8n_10cls/input_layer1...
[2026-04-08 02:42:13.664] [254553] [HailoRT] [info] [vstream_builder.cpp:102] [create_inputs] Input pipeline 'yolov8n_10cls/input_layer1': (PreInferEl10yolov8n_10cls/input_layer1 | Reorder - src_order: NHWC, src_shape: (640, 640, 3), dst_order: NHCW, dst_shape: (640, 640, 3)) >> (PushQEl10yolov8n_10cls/input_layer1 | timeout: 10s) >> (HwWriteEl10yolov8n_10cls/input_layer1 | hw_frame_size: 1228800) >> HW
[2026-04-08 02:42:13.664] [254553] [HailoRT] [info] [edge_elements.cpp:287] [create] Created (HwReadEl13yolov8n_10cls/conv41 | hw_frame_size: 409600)
[2026-04-08 02:42:13.664] [254553] [HailoRT] [info] [queue_elements.cpp:657] [create] Created (PullQEl_hw_read13yolov8n_10cls/conv41)
[2026-04-08 02:42:13.664] [254553] [HailoRT] [info] [filter_elements.cpp:375] [create] Created (PostInferEl13yolov8n_10cls/conv41 | Quantization - src_type: UINT8, dst_type FLOAT32, limvals_min: -19.2448, limvals_max: 19.703)
[2026-04-08 02:42:13.664] [254553] [HailoRT] [info] [queue_elements.cpp:800] [create] Created (UserBuffQEl13yolov8n_10cls/conv41 | timeout: 6s)
[2026-04-08 02:42:13.664] [254553] [HailoRT] [info] [vstream.cpp:1114] [OutputVStreamImpl] Creating yolov8n_10cls/conv41...
[2026-04-08 02:42:13.664] [254553] [HailoRT] [info] [vstream_builder.cpp:220] [create_outputs] Output pipeline 'yolov8n_10cls/conv41': HW >> (HwReadEl13yolov8n_10cls/conv41 | hw_frame_size: 409600) >> (PullQEl_hw_read13yolov8n_10cls/conv41) >> (PostInferEl13yolov8n_10cls/conv41 | Quantization - src_type: UINT8, dst_type FLOAT32, limvals_min: -19.2448, limvals_max: 19.703) >> (UserBuffQEl13yolov8n_10cls/conv41 | timeout: 6s)
[2026-04-08 02:42:13.664] [254553] [HailoRT] [info] [edge_elements.cpp:287] [create] Created (HwReadEl12yolov8n_10cls/conv42 | hw_frame_size: 102400)
[2026-04-08 02:42:13.664] [254553] [HailoRT] [info] [queue_elements.cpp:657] [create] Created (PullQEl_hw_read12yolov8n_10cls/conv42)
[2026-04-08 02:42:13.664] [254553] [HailoRT] [info] [filter_elements.cpp:375] [create] Created (PostInferEl12yolov8n_10cls/conv42 | Quantization - src_type: UINT8, dst_type FLOAT32, limvals_min: 0, limvals_max: 1 | Reorder - src_order: FCR, src_shape: (80, 80, 16), dst_order: FCR, dst_shape: (80, 80, 10))
[2026-04-08 02:42:13.664] [254553] [HailoRT] [info] [queue_elements.cpp:800] [create] Created (UserBuffQEl12yolov8n_10cls/conv42 | timeout: 6s)
[2026-04-08 02:42:13.664] [254553] [HailoRT] [info] [vstream.cpp:1114] [OutputVStreamImpl] Creating yolov8n_10cls/conv42...
[2026-04-08 02:42:13.665] [254553] [HailoRT] [info] [vstream_builder.cpp:220] [create_outputs] Output pipeline 'yolov8n_10cls/conv42': HW >> (HwReadEl12yolov8n_10cls/conv42 | hw_frame_size: 102400) >> (PullQEl_hw_read12yolov8n_10cls/conv42) >> (PostInferEl12yolov8n_10cls/conv42 | Quantization - src_type: UINT8, dst_type FLOAT32, limvals_min: 0, limvals_max: 1 | Reorder - src_order: FCR, src_shape: (80, 80, 16), dst_order: FCR, dst_shape: (80, 80, 10)) >> (UserBuffQEl12yolov8n_10cls/conv42 | timeout: 6s)
[2026-04-08 02:42:13.665] [254553] [HailoRT] [info] [edge_elements.cpp:287] [create] Created (HwReadEl15yolov8n_10cls/conv52 | hw_frame_size: 102400)
[2026-04-08 02:42:13.665] [254553] [HailoRT] [info] [queue_elements.cpp:657] [create] Created (PullQEl_hw_read15yolov8n_10cls/conv52)
[2026-04-08 02:42:13.665] [254553] [HailoRT] [info] [filter_elements.cpp:375] [create] Created (PostInferEl15yolov8n_10cls/conv52 | Quantization - src_type: UINT8, dst_type FLOAT32, limvals_min: -16.9789, limvals_max: 18.5098)
[2026-04-08 02:42:13.665] [254553] [HailoRT] [info] [queue_elements.cpp:800] [create] Created (UserBuffQEl15yolov8n_10cls/conv52 | timeout: 6s)
[2026-04-08 02:42:13.665] [254553] [HailoRT] [info] [vstream.cpp:1114] [OutputVStreamImpl] Creating yolov8n_10cls/conv52...
[2026-04-08 02:42:13.665] [254553] [HailoRT] [info] [vstream_builder.cpp:220] [create_outputs] Output pipeline 'yolov8n_10cls/conv52': HW >> (HwReadEl15yolov8n_10cls/conv52 | hw_frame_size: 102400) >> (PullQEl_hw_read15yolov8n_10cls/conv52) >> (PostInferEl15yolov8n_10cls/conv52 | Quantization - src_type: UINT8, dst_type FLOAT32, limvals_min: -16.9789, limvals_max: 18.5098) >> (UserBuffQEl15yolov8n_10cls/conv52 | timeout: 6s)
[2026-04-08 02:42:13.665] [254553] [HailoRT] [info] [edge_elements.cpp:287] [create] Created (HwReadEl14yolov8n_10cls/conv53 | hw_frame_size: 25600)
[2026-04-08 02:42:13.665] [254553] [HailoRT] [info] [queue_elements.cpp:657] [create] Created (PullQEl_hw_read14yolov8n_10cls/conv53)
[2026-04-08 02:42:13.665] [254553] [HailoRT] [info] [filter_elements.cpp:375] [create] Created (PostInferEl14yolov8n_10cls/conv53 | Quantization - src_type: UINT8, dst_type FLOAT32, limvals_min: 0, limvals_max: 1 | Reorder - src_order: FCR, src_shape: (40, 40, 16), dst_order: FCR, dst_shape: (40, 40, 10))
[2026-04-08 02:42:13.665] [254553] [HailoRT] [info] [queue_elements.cpp:800] [create] Created (UserBuffQEl14yolov8n_10cls/conv53 | timeout: 6s)
[2026-04-08 02:42:13.665] [254553] [HailoRT] [info] [vstream.cpp:1114] [OutputVStreamImpl] Creating yolov8n_10cls/conv53...
[2026-04-08 02:42:13.665] [254553] [HailoRT] [info] [vstream_builder.cpp:220] [create_outputs] Output pipeline 'yolov8n_10cls/conv53': HW >> (HwReadEl14yolov8n_10cls/conv53 | hw_frame_size: 25600) >> (PullQEl_hw_read14yolov8n_10cls/conv53) >> (PostInferEl14yolov8n_10cls/conv53 | Quantization - src_type: UINT8, dst_type FLOAT32, limvals_min: 0, limvals_max: 1 | Reorder - src_order: FCR, src_shape: (40, 40, 16), dst_order: FCR, dst_shape: (40, 40, 10)) >> (UserBuffQEl14yolov8n_10cls/conv53 | timeout: 6s)
[2026-04-08 02:42:13.665] [254553] [HailoRT] [info] [edge_elements.cpp:287] [create] Created (HwReadEl11yolov8n_10cls/conv62 | hw_frame_size: 25600)
[2026-04-08 02:42:13.665] [254553] [HailoRT] [info] [queue_elements.cpp:657] [create] Created (PullQEl_hw_read11yolov8n_10cls/conv62)
[2026-04-08 02:42:13.665] [254553] [HailoRT] [info] [filter_elements.cpp:375] [create] Created (PostInferEl11yolov8n_10cls/conv62 | Quantization - src_type: UINT8, dst_type FLOAT32, limvals_min: -18.3037, limvals_max: 14.3357)
[2026-04-08 02:42:13.665] [254553] [HailoRT] [info] [queue_elements.cpp:800] [create] Created (UserBuffQEl11yolov8n_10cls/conv62 | timeout: 6s)
[2026-04-08 02:42:13.665] [254553] [HailoRT] [info] [vstream.cpp:1114] [OutputVStreamImpl] Creating yolov8n_10cls/conv62...
[2026-04-08 02:42:13.665] [254553] [HailoRT] [info] [vstream_builder.cpp:220] [create_outputs] Output pipeline 'yolov8n_10cls/conv62': HW >> (HwReadEl11yolov8n_10cls/conv62 | hw_frame_size: 25600) >> (PullQEl_hw_read11yolov8n_10cls/conv62) >> (PostInferEl11yolov8n_10cls/conv62 | Quantization - src_type: UINT8, dst_type FLOAT32, limvals_min: -18.3037, limvals_max: 14.3357) >> (UserBuffQEl11yolov8n_10cls/conv62 | timeout: 6s)
[2026-04-08 02:42:13.665] [254553] [HailoRT] [info] [edge_elements.cpp:287] [create] Created (HwReadEl2yolov8n_10cls/conv63 | hw_frame_size: 6400)
[2026-04-08 02:42:13.665] [254553] [HailoRT] [info] [queue_elements.cpp:657] [create] Created (PullQEl_hw_read2yolov8n_10cls/conv63)
[2026-04-08 02:42:13.665] [254553] [HailoRT] [info] [filter_elements.cpp:375] [create] Created (PostInferEl2yolov8n_10cls/conv63 | Quantization - src_type: UINT8, dst_type FLOAT32, limvals_min: 0, limvals_max: 1 | Reorder - src_order: FCR, src_shape: (20, 20, 16), dst_order: FCR, dst_shape: (20, 20, 10))
[2026-04-08 02:42:13.666] [254553] [HailoRT] [info] [queue_elements.cpp:800] [create] Created (UserBuffQEl2yolov8n_10cls/conv63 | timeout: 6s)
[2026-04-08 02:42:13.666] [254553] [HailoRT] [info] [vstream.cpp:1114] [OutputVStreamImpl] Creating yolov8n_10cls/conv63...
[2026-04-08 02:42:13.666] [254553] [HailoRT] [info] [vstream_builder.cpp:220] [create_outputs] Output pipeline 'yolov8n_10cls/conv63': HW >> (HwReadEl2yolov8n_10cls/conv63 | hw_frame_size: 6400) >> (PullQEl_hw_read2yolov8n_10cls/conv63) >> (PostInferEl2yolov8n_10cls/conv63 | Quantization - src_type: UINT8, dst_type FLOAT32, limvals_min: 0, limvals_max: 1 | Reorder - src_order: FCR, src_shape: (20, 20, 16), dst_order: FCR, dst_shape: (20, 20, 10)) >> (UserBuffQEl2yolov8n_10cls/conv63 | timeout: 6s)
[2026-04-08 02:50:07.333] [254619] [HailoRT] [info] [queue_elements.cpp:855] [run_in_thread] Shutdown event was signaled in dequeue of UserBuffQEl13yolov8n_10cls/conv41!
[2026-04-08 02:50:07.333] [254618] [HailoRT] [info] [vdevice_native_stream.cpp:331] [read_impl] Failed read from stream HAILO_STREAM_ABORT(63) (device: 0001:03:00.0)
[2026-04-08 02:50:07.333] [254618] [HailoRT] [info] [edge_elements.cpp:396] [run_pull] Reading from stream was aborted!
[2026-04-08 02:50:07.333] [254618] [HailoRT] [info] [queue_elements.cpp:738] [run_in_thread] run_pull of queue element PullQEl_hw_read13yolov8n_10cls/conv41 was aborted!
[2026-04-08 02:50:07.333] [254618] [HailoRT] [info] [queue_elements.cpp:68] [operator()] Thread in element PullQEl_hw_read13yolov8n_10cls/conv41 is not running anymore, exiting..
[2026-04-08 02:50:07.333] [254553] [HailoRT] [info] [queue_elements.cpp:46] [~BaseQueueElement] Queue element PullQEl_hw_read13yolov8n_10cls/conv41 has 0 frames in his Queue on destruction
[2026-04-08 02:50:07.334] [254619] [HailoRT] [info] [queue_elements.cpp:68] [operator()] Thread in element UserBuffQEl13yolov8n_10cls/conv41 is not running anymore, exiting..
[2026-04-08 02:50:07.334] [254553] [HailoRT] [info] [queue_elements.cpp:46] [~BaseQueueElement] Queue element UserBuffQEl13yolov8n_10cls/conv41 has 0 frames in his Queue on destruction
[2026-04-08 02:50:07.334] [254620] [HailoRT] [info] [vdevice_native_stream.cpp:331] [read_impl] Failed read from stream HAILO_STREAM_ABORT(63) (device: 0001:03:00.0)
[2026-04-08 02:50:07.334] [254620] [HailoRT] [info] [edge_elements.cpp:396] [run_pull] Reading from stream was aborted!
[2026-04-08 02:50:07.334] [254621] [HailoRT] [info] [queue_elements.cpp:855] [run_in_thread] Shutdown event was signaled in dequeue of UserBuffQEl12yolov8n_10cls/conv42!
[2026-04-08 02:50:07.334] [254620] [HailoRT] [info] [queue_elements.cpp:738] [run_in_thread] run_pull of queue element PullQEl_hw_read12yolov8n_10cls/conv42 was aborted!
[2026-04-08 02:50:07.334] [254620] [HailoRT] [info] [queue_elements.cpp:68] [operator()] Thread in element PullQEl_hw_read12yolov8n_10cls/conv42 is not running anymore, exiting..
[2026-04-08 02:50:07.334] [254553] [HailoRT] [info] [queue_elements.cpp:46] [~BaseQueueElement] Queue element PullQEl_hw_read12yolov8n_10cls/conv42 has 0 frames in his Queue on destruction
[2026-04-08 02:50:07.334] [254621] [HailoRT] [info] [queue_elements.cpp:68] [operator()] Thread in element UserBuffQEl12yolov8n_10cls/conv42 is not running anymore, exiting..
[2026-04-08 02:50:07.334] [254553] [HailoRT] [info] [queue_elements.cpp:46] [~BaseQueueElement] Queue element UserBuffQEl12yolov8n_10cls/conv42 has 0 frames in his Queue on destruction
[2026-04-08 02:50:07.334] [254623] [HailoRT] [info] [queue_elements.cpp:855] [run_in_thread] Shutdown event was signaled in dequeue of UserBuffQEl15yolov8n_10cls/conv52!
[2026-04-08 02:50:07.334] [254622] [HailoRT] [info] [vdevice_native_stream.cpp:331] [read_impl] Failed read from stream HAILO_STREAM_ABORT(63) (device: 0001:03:00.0)
[2026-04-08 02:50:07.334] [254622] [HailoRT] [info] [edge_elements.cpp:396] [run_pull] Reading from stream was aborted!
[2026-04-08 02:50:07.334] [254622] [HailoRT] [info] [queue_elements.cpp:738] [run_in_thread] run_pull of queue element PullQEl_hw_read15yolov8n_10cls/conv52 was aborted!
[2026-04-08 02:50:07.334] [254622] [HailoRT] [info] [queue_elements.cpp:68] [operator()] Thread in element PullQEl_hw_read15yolov8n_10cls/conv52 is not running anymore, exiting..
[2026-04-08 02:50:07.334] [254553] [HailoRT] [info] [queue_elements.cpp:46] [~BaseQueueElement] Queue element PullQEl_hw_read15yolov8n_10cls/conv52 has 0 frames in his Queue on destruction
[2026-04-08 02:50:07.334] [254623] [HailoRT] [info] [queue_elements.cpp:68] [operator()] Thread in element UserBuffQEl15yolov8n_10cls/conv52 is not running anymore, exiting..
[2026-04-08 02:50:07.334] [254553] [HailoRT] [info] [queue_elements.cpp:46] [~BaseQueueElement] Queue element UserBuffQEl15yolov8n_10cls/conv52 has 0 frames in his Queue on destruction
[2026-04-08 02:50:07.334] [254624] [HailoRT] [info] [vdevice_native_stream.cpp:331] [read_impl] Failed read from stream HAILO_STREAM_ABORT(63) (device: 0001:03:00.0)
[2026-04-08 02:50:07.334] [254624] [HailoRT] [info] [edge_elements.cpp:396] [run_pull] Reading from stream was aborted!
[2026-04-08 02:50:07.334] [254624] [HailoRT] [info] [queue_elements.cpp:738] [run_in_thread] run_pull of queue element PullQEl_hw_read14yolov8n_10cls/conv53 was aborted!
[2026-04-08 02:50:07.334] [254625] [HailoRT] [info] [queue_elements.cpp:855] [run_in_thread] Shutdown event was signaled in dequeue of UserBuffQEl14yolov8n_10cls/conv53!
[2026-04-08 02:50:07.334] [254624] [HailoRT] [info] [queue_elements.cpp:68] [operator()] Thread in element PullQEl_hw_read14yolov8n_10cls/conv53 is not running anymore, exiting..
[2026-04-08 02:50:07.334] [254553] [HailoRT] [info] [queue_elements.cpp:46] [~BaseQueueElement] Queue element PullQEl_hw_read14yolov8n_10cls/conv53 has 0 frames in his Queue on destruction
[2026-04-08 02:50:07.334] [254625] [HailoRT] [info] [queue_elements.cpp:68] [operator()] Thread in element UserBuffQEl14yolov8n_10cls/conv53 is not running anymore, exiting..
[2026-04-08 02:50:07.334] [254553] [HailoRT] [info] [queue_elements.cpp:46] [~BaseQueueElement] Queue element UserBuffQEl14yolov8n_10cls/conv53 has 0 frames in his Queue on destruction
[2026-04-08 02:50:07.334] [254626] [HailoRT] [info] [vdevice_native_stream.cpp:331] [read_impl] Failed read from stream HAILO_STREAM_ABORT(63) (device: 0001:03:00.0)
[2026-04-08 02:50:07.334] [254626] [HailoRT] [info] [edge_elements.cpp:396] [run_pull] Reading from stream was aborted!
[2026-04-08 02:50:07.334] [254626] [HailoRT] [info] [queue_elements.cpp:738] [run_in_thread] run_pull of queue element PullQEl_hw_read11yolov8n_10cls/conv62 was aborted!
[2026-04-08 02:50:07.334] [254627] [HailoRT] [info] [queue_elements.cpp:855] [run_in_thread] Shutdown event was signaled in dequeue of UserBuffQEl11yolov8n_10cls/conv62!
[2026-04-08 02:50:07.334] [254626] [HailoRT] [info] [queue_elements.cpp:68] [operator()] Thread in element PullQEl_hw_read11yolov8n_10cls/conv62 is not running anymore, exiting..
[2026-04-08 02:50:07.335] [254553] [HailoRT] [info] [queue_elements.cpp:46] [~BaseQueueElement] Queue element PullQEl_hw_read11yolov8n_10cls/conv62 has 0 frames in his Queue on destruction
[2026-04-08 02:50:07.335] [254627] [HailoRT] [info] [queue_elements.cpp:68] [operator()] Thread in element UserBuffQEl11yolov8n_10cls/conv62 is not running anymore, exiting..
[2026-04-08 02:50:07.335] [254553] [HailoRT] [info] [queue_elements.cpp:46] [~BaseQueueElement] Queue element UserBuffQEl11yolov8n_10cls/conv62 has 0 frames in his Queue on destruction
[2026-04-08 02:50:07.335] [254629] [HailoRT] [info] [queue_elements.cpp:855] [run_in_thread] Shutdown event was signaled in dequeue of UserBuffQEl2yolov8n_10cls/conv63!
[2026-04-08 02:50:07.335] [254628] [HailoRT] [info] [vdevice_native_stream.cpp:331] [read_impl] Failed read from stream HAILO_STREAM_ABORT(63) (device: 0001:03:00.0)
[2026-04-08 02:50:07.335] [254628] [HailoRT] [info] [edge_elements.cpp:396] [run_pull] Reading from stream was aborted!
[2026-04-08 02:50:07.335] [254628] [HailoRT] [info] [queue_elements.cpp:738] [run_in_thread] run_pull of queue element PullQEl_hw_read2yolov8n_10cls/conv63 was aborted!
[2026-04-08 02:50:07.335] [254628] [HailoRT] [info] [queue_elements.cpp:68] [operator()] Thread in element PullQEl_hw_read2yolov8n_10cls/conv63 is not running anymore, exiting..
[2026-04-08 02:50:07.335] [254553] [HailoRT] [info] [queue_elements.cpp:46] [~BaseQueueElement] Queue element PullQEl_hw_read2yolov8n_10cls/conv63 has 0 frames in his Queue on destruction
[2026-04-08 02:50:07.335] [254629] [HailoRT] [info] [queue_elements.cpp:68] [operator()] Thread in element UserBuffQEl2yolov8n_10cls/conv63 is not running anymore, exiting..
[2026-04-08 02:50:07.335] [254553] [HailoRT] [info] [queue_elements.cpp:46] [~BaseQueueElement] Queue element UserBuffQEl2yolov8n_10cls/conv63 has 0 frames in his Queue on destruction
[2026-04-08 02:50:07.335] [254617] [HailoRT] [info] [queue_elements.cpp:68[2026-04-08 02:50:15.130] [276756] [HailoRT] [info] [vdevice.cpp:523] [create] Creating vdevice with params: device_count: 1, scheduling_algorithm: NONE, multi_process_service: false
[2026-04-08 02:50:15.142] [276756] [HailoRT] [info] [device.cpp:49] [Device] OS Version: Linux 6.12.25+rpt-rpi-2712 #1 SMP PREEMPT Debian 1:6.12.25-1+rpt1 (2025-04-30) aarch64
[2026-04-08 02:50:15.144] [276756] [HailoRT] [info] [control.cpp:108] [control__parse_identify_results] firmware_version is: 4.20.0
[2026-04-08 02:50:15.144] [276756] [HailoRT] [info] [vdevice.cpp:651] [create] VDevice Infos: 0001:03:00.0
[2026-04-08 02:50:15.150] [276756] [HailoRT] [info] [internal_buffer_manager.cpp:202] [print_execution_results] Default Internal buffer planner failed to meet requirements
[2026-04-08 02:50:15.150] [276756] [HailoRT] [info] [internal_buffer_manager.cpp:212] [print_execution_results] Default Internal buffer planner executed successfully
[2026-04-08 02:50:15.162] [276756] [HailoRT] [info] [device_internal.cpp:57] [configure] Configuring HEF took 18.24998 milliseconds
[2026-04-08 02:50:15.163] [276756] [HailoRT] [info] [vdevice.cpp:749] [configure] Configuring HEF on VDevice took 18.710506 milliseconds
[2026-04-08 02:50:15.163] [276756] [HailoRT] [info] [hef.cpp:1929] [get_network_group_and_network_name] No name was given. Addressing all networks of default network_group: yolov8n_10cls
[2026-04-08 02:50:15.164] [276756] [HailoRT] [info] [core_op.cpp:156] [activate] Activating yolov8n_10cls took 0.640917 milliseconds. Note that the function is asynchronous and thus the network is not fully activated yet.
[2026-04-08 02:50:15.164] [276756] [HailoRT] [info] [core_op.cpp:156] [activate] Activating yolov8n_10cls took 0.654566 milliseconds. Note that the function is asynchronous and thus the network is not fully activated yet.
[2026-04-08 02:50:15.164] [276756] [HailoRT] [info] [edge_elements.cpp:52] [create] Created (HwWriteEl10yolov8n_10cls/input_layer1 | hw_frame_size: 1228800)
[2026-04-08 02:50:15.164] [276756] [HailoRT] [info] [queue_elements.cpp:284] [create] Created (PushQEl10yolov8n_10cls/input_layer1 | timeout: 10s)
[2026-04-08 02:50:15.164] [276756] [HailoRT] [info] [filter_elements.cpp:101] [create] Created (PreInferEl10yolov8n_10cls/input_layer1 | Reorder - src_order: NHWC, src_shape: (640, 640, 3), dst_order: NHCW, dst_shape: (640, 640, 3))
[2026-04-08 02:50:15.164] [276756] [HailoRT] [info] [vstream.cpp:754] [InputVStreamImpl] Creating yolov8n_10cls/input_layer1...
[2026-04-08 02:50:15.164] [276756] [HailoRT] [info] [vstream_builder.cpp:102] [create_inputs] Input pipeline 'yolov8n_10cls/input_layer1': (PreInferEl10yolov8n_10cls/input_layer1 | Reorder - src_order: NHWC, src_shape: (640, 640, 3), dst_order: NHCW, dst_shape: (640, 640, 3)) >> (PushQEl10yolov8n_10cls/input_layer1 | timeout: 10s) >> (HwWriteEl10yolov8n_10cls/input_layer1 | hw_frame_size: 1228800) >> HW
[2026-04-08 02:50:15.164] [276756] [HailoRT] [info] [edge_elements.cpp:287] [create] Created (HwReadEl13yolov8n_10cls/conv41 | hw_frame_size: 409600)
[2026-04-08 02:50:15.164] [276756] [HailoRT] [info] [queue_elements.cpp:657] [create] Created (PullQEl_hw_read13yolov8n_10cls/conv41)
[2026-04-08 02:50:15.164] [276756] [HailoRT] [info] [filter_elements.cpp:375] [create] Created (PostInferEl13yolov8n_10cls/conv41 | Quantization - src_type: UINT8, dst_type FLOAT32, limvals_min: -19.2448, limvals_max: 19.703)
[2026-04-08 02:50:15.164] [276756] [HailoRT] [info] [queue_elements.cpp:800] [create] Created (UserBuffQEl13yolov8n_10cls/conv41 | timeout: 6s)
[2026-04-08 02:50:15.164] [276756] [HailoRT] [info] [vstream.cpp:1114] [OutputVStreamImpl] Creating yolov8n_10cls/conv41...
[2026-04-08 02:50:15.164] [276756] [HailoRT] [info] [vstream_builder.cpp:220] [create_outputs] Output pipeline 'yolov8n_10cls/conv41': HW >> (HwReadEl13yolov8n_10cls/conv41 | hw_frame_size: 409600) >> (PullQEl_hw_read13yolov8n_10cls/conv41) >> (PostInferEl13yolov8n_10cls/conv41 | Quantization - src_type: UINT8, dst_type FLOAT32, limvals_min: -19.2448, limvals_max: 19.703) >> (UserBuffQEl13yolov8n_10cls/conv41 | timeout: 6s)
[2026-04-08 02:50:15.164] [276756] [HailoRT] [info] [edge_elements.cpp:287] [create] Created (HwReadEl12yolov8n_10cls/conv42 | hw_frame_size: 102400)
[2026-04-08 02:50:15.165] [276756] [HailoRT] [info] [queue_elements.cpp:657] [create] Created (PullQEl_hw_read12yolov8n_10cls/conv42)
[2026-04-08 02:50:15.165] [276756] [HailoRT] [info] [filter_elements.cpp:375] [create] Created (PostInferEl12yolov8n_10cls/conv42 | Quantization - src_type: UINT8, dst_type FLOAT32, limvals_min: 0, limvals_max: 1 | Reorder - src_order: FCR, src_shape: (80, 80, 16), dst_order: FCR, dst_shape: (80, 80, 10))
[2026-04-08 02:50:15.165] [276756] [HailoRT] [info] [queue_elements.cpp:800] [create] Created (UserBuffQEl12yolov8n_10cls/conv42 | timeout: 6s)
[2026-04-08 02:50:15.165] [276756] [HailoRT] [info] [vstream.cpp:1114] [OutputVStreamImpl] Creating yolov8n_10cls/conv42...
[2026-04-08 02:50:15.165] [276756] [HailoRT] [info] [vstream_builder.cpp:220] [create_outputs] Output pipeline 'yolov8n_10cls/conv42': HW >> (HwReadEl12yolov8n_10cls/conv42 | hw_frame_size: 102400) >> (PullQEl_hw_read12yolov8n_10cls/conv42) >> (PostInferEl12yolov8n_10cls/conv42 | Quantization - src_type: UINT8, dst_type FLOAT32, limvals_min: 0, limvals_max: 1 | Reorder - src_order: FCR, src_shape: (80, 80, 16), dst_order: FCR, dst_shape: (80, 80, 10)) >> (UserBuffQEl12yolov8n_10cls/conv42 | timeout: 6s)
[2026-04-08 02:50:15.165] [276756] [HailoRT] [info] [edge_elements.cpp:287] [create] Created (HwReadEl15yolov8n_10cls/conv52 | hw_frame_size: 102400)
[2026-04-08 02:50:15.165] [276756] [HailoRT] [info] [queue_elements.cpp:657] [create] Created (PullQEl_hw_read15yolov8n_10cls/conv52)
[2026-04-08 02:50:15.165] [276756] [HailoRT] [info] [filter_elements.cpp:375] [create] Created (PostInferEl15yolov8n_10cls/conv52 | Quantization - src_type: UINT8, dst_type FLOAT32, limvals_min: -16.9789, limvals_max: 18.5098)
[2026-04-08 02:50:15.165] [276756] [HailoRT] [info] [queue_elements.cpp:800] [create] Created (UserBuffQEl15yolov8n_10cls/conv52 | timeout: 6s)
[2026-04-08 02:50:15.165] [276756] [HailoRT] [info] [vstream.cpp:1114] [OutputVStreamImpl] Creating yolov8n_10cls/conv52...
[2026-04-08 02:50:15.165] [276756] [HailoRT] [info] [vstream_builder.cpp:220] [create_outputs] Output pipeline 'yolov8n_10cls/conv52': HW >> (HwReadEl15yolov8n_10cls/conv52 | hw_frame_size: 102400) >> (PullQEl_hw_read15yolov8n_10cls/conv52) >> (PostInferEl15yolov8n_10cls/conv52 | Quantization - src_type: UINT8, dst_type FLOAT32, limvals_min: -16.9789, limvals_max: 18.5098) >> (UserBuffQEl15yolov8n_10cls/conv52 | timeout: 6s)
[2026-04-08 02:50:15.165] [276756] [HailoRT] [info] [edge_elements.cpp:287] [create] Created (HwReadEl14yolov8n_10cls/conv53 | hw_frame_size: 25600)
[2026-04-08 02:50:15.165] [276756] [HailoRT] [info] [queue_elements.cpp:657] [create] Created (PullQEl_hw_read14yolov8n_10cls/conv53)
[2026-04-08 02:50:15.165] [276756] [HailoRT] [info] [filter_elements.cpp:375] [create] Created (PostInferEl14yolov8n_10cls/conv53 | Quantization - src_type: UINT8, dst_type FLOAT32, limvals_min: 0, limvals_max: 1 | Reorder - src_order: FCR, src_shape: (40, 40, 16), dst_order: FCR, dst_shape: (40, 40, 10))
[2026-04-08 02:50:15.165] [276756] [HailoRT] [info] [queue_elements.cpp:800] [create] Created (UserBuffQEl14yolov8n_10cls/conv53 | timeout: 6s)
[2026-04-08 02:50:15.165] [276756] [HailoRT] [info] [vstream.cpp:1114] [OutputVStreamImpl] Creating yolov8n_10cls/conv53...
[2026-04-08 02:50:15.165] [276756] [HailoRT] [info] [vstream_builder.cpp:220] [create_outputs] Output pipeline 'yolov8n_10cls/conv53': HW >> (HwReadEl14yolov8n_10cls/conv53 | hw_frame_size: 25600) >> (PullQEl_hw_read14yolov8n_10cls/conv53) >> (PostInferEl14yolov8n_10cls/conv53 | Quantization - src_type: UINT8, dst_type FLOAT32, limvals_min: 0, limvals_max: 1 | Reorder - src_order: FCR, src_shape: (40, 40, 16), dst_order: FCR, dst_shape: (40, 40, 10)) >> (UserBuffQEl14yolov8n_10cls/conv53 | timeout: 6s)
[2026-04-08 02:50:15.165] [276756] [HailoRT] [info] [edge_elements.cpp:287] [create] Created (HwReadEl11yolov8n_10cls/conv62 | hw_frame_size: 25600)
[2026-04-08 02:50:15.165] [276756] [HailoRT] [info] [queue_elements.cpp:657] [create] Created (PullQEl_hw_read11yolov8n_10cls/conv62)
[2026-04-08 02:50:15.165] [276756] [HailoRT] [info] [filter_elements.cpp:375] [create] Created (PostInferEl11yolov8n_10cls/conv62 | Quantization - src_type: UINT8, dst_type FLOAT32, limvals_min: -18.3037, limvals_max: 14.3357)
[2026-04-08 02:50:15.165] [276756] [HailoRT] [info] [queue_elements.cpp:800] [create] Created (UserBuffQEl11yolov8n_10cls/conv62 | timeout: 6s)
[2026-04-08 02:50:15.165] [276756] [HailoRT] [info] [vstream.cpp:1114] [OutputVStreamImpl] Creating yolov8n_10cls/conv62...
[2026-04-08 02:50:15.165] [276756] [HailoRT] [info] [vstream_builder.cpp:220] [create_outputs] Output pipeline 'yolov8n_10cls/conv62': HW >> (HwReadEl11yolov8n_10cls/conv62 | hw_frame_size: 25600) >> (PullQEl_hw_read11yolov8n_10cls/conv62) >> (PostInferEl11yolov8n_10cls/conv62 | Quantization - src_type: UINT8, dst_type FLOAT32, limvals_min: -18.3037, limvals_max: 14.3357) >> (UserBuffQEl11yolov8n_10cls/conv62 | timeout: 6s)
[2026-04-08 02:50:15.166] [276756] [HailoRT] [info] [edge_elements.cpp:287] [create] Created (HwReadEl2yolov8n_10cls/conv63 | hw_frame_size: 6400)
[2026-04-08 02:50:15.166] [276756] [HailoRT] [info] [queue_elements.cpp:657] [create] Created (PullQEl_hw_read2yolov8n_10cls/conv63)
[2026-04-08 02:50:15.166] [276756] [HailoRT] [info] [filter_elements.cpp:375] [create] Created (PostInferEl2yolov8n_10cls/conv63 | Quantization - src_type: UINT8, dst_type FLOAT32, limvals_min: 0, limvals_max: 1 | Reorder - src_order: FCR, src_shape: (20, 20, 16), dst_order: FCR, dst_shape: (20, 20, 10))
[2026-04-08 02:50:15.166] [276756] [HailoRT] [info] [queue_elements.cpp:800] [create] Created (UserBuffQEl2yolov8n_10cls/conv63 | timeout: 6s)
[2026-04-08 02:50:15.166] [276756] [HailoRT] [info] [vstream.cpp:1114] [OutputVStreamImpl] Creating yolov8n_10cls/conv63...
[2026-04-08 02:50:15.166] [276756] [HailoRT] [info] [vstream_builder.cpp:220] [create_outputs] Output pipeline 'yolov8n_10cls/conv63': HW >> (HwReadEl2yolov8n_10cls/conv63 | hw_frame_size: 6400) >> (PullQEl_hw_read2yolov8n_10cls/conv63) >> (PostInferEl2yolov8n_10cls/conv63 | Quantization - src_type: UINT8, dst_type FLOAT32, limvals_min: 0, limvals_max: 1 | Reorder - src_order: FCR, src_shape: (20, 20, 16), dst_order: FCR, dst_shape: (20, 20, 10)) >> (UserBuffQEl2yolov8n_10cls/conv63 | timeout: 6s)
[2026-04-08 02:52:05.153] [276805] [HailoRT] [info] [queue_elements.cpp:855] [run_in_thread] Shutdown event was signaled in dequeue of UserBuffQEl13yolov8n_10cls/conv41!
[2026-04-08 02:52:05.153] [276804] [HailoRT] [info] [vdevice_native_stream.cpp:331] [read_impl] Failed read from stream HAILO_STREAM_ABORT(63) (device: 0001:03:00.0)
[2026-04-08 02:52:05.153] [276804] [HailoRT] [info] [edge_elements.cpp:396] [run_pull] Reading from stream was aborted!
[2026-04-08 02:52:05.153] [276804] [HailoRT] [info] [queue_elements.cpp:738] [run_in_thread] run_pull of queue element PullQEl_hw_read13yolov8n_10cls/conv41 was aborted!
[2026-04-08 02:52:05.153] [276804] [HailoRT] [info] [queue_elements.cpp:68] [operator()] Thread in element PullQEl_hw_read13yolov8n_10cls/conv41 is not running anymore, exiting..
[2026-04-08 02:52:05.153] [276756] [HailoRT] [info] [queue_elements.cpp:46] [~BaseQueueElement] Queue element PullQEl_hw_read13yolov8n_10cls/conv41 has 0 frames in his Queue on destruction
[2026-04-08 02:52:05.153] [276805] [HailoRT] [info] [queue_elements.cpp:68] [operator()] Thread in element UserBuffQEl13yolov8n_10cls/conv41 is not running anymore, exiting..
[2026-04-08 02:52:05.153] [276756] [HailoRT] [info] [queue_elements.cpp:46] [~BaseQueueElement] Queue element UserBuffQEl13yolov8n_10cls/conv41 has 0 frames in his Queue on destruction
[2026-04-08 02:52:05.153] [276806] [HailoRT] [info] [vdevice_native_stream.cpp:331] [read_impl] Failed read from stream HAILO_STREAM_ABORT(63) (device: 0001:03:00.0)
[2026-04-08 02:52:05.153] [276806] [HailoRT] [info] [edge_elements.cpp:396] [run_pull] Reading from stream was aborted!
[2026-04-08 02:52:05.153] [276807] [HailoRT] [info] [queue_elements.cpp:855] [run_in_thread] Shutdown event was signaled in dequeue of UserBuffQEl12yolov8n_10cls/conv42!
[2026-04-08 02:52:05.153] [276806] [HailoRT] [info] [queue_elements.cpp:738] [run_in_thread] run_pull of queue element PullQEl_hw_read12yolov8n_10cls/conv42 was aborted!
[2026-04-08 02:52:05.153] [276806] [HailoRT] [info] [queue_elements.cpp:68] [operator()] Thread in element PullQEl_hw_read12yolov8n_10cls/conv42 is not running anymore, exiting..
[2026-04-08 02:52:05.154] [276756] [HailoRT] [info] [queue_elements.cpp:46] [~BaseQueueElement] Queue element PullQEl_hw_read12yolov8n_10cls/conv42 has 0 frames in his Queue on destruction
[2026-04-08 02:52:05.154] [276807] [HailoRT] [info] [queue_elements.cpp:68] [operator()] Thread in element UserBuffQEl12yolov8n_10cls/conv42 is not running anymore, exiting..
[2026-04-08 02:52:05.154] [276756] [HailoRT] [info] [queue_elements.cpp:46] [~BaseQueueElement] Queue element UserBuffQEl12yolov8n_10cls/conv42 has 0 frames in his Queue on destruction
[2026-04-08 02:52:05.154] [276809] [HailoRT] [info] [queue_elements.cpp:855] [run_in_thread] Shutdown event was signaled in dequeue of UserBuffQEl15yolov8n_10cls/conv52!
[2026-04-08 02:52:05.154] [276808] [HailoRT] [info] [vdevice_native_stream.cpp:331] [read_impl] Failed read from stream HAILO_STREAM_ABORT(63) (device: 0001:03:00.0)
[2026-04-08 02:52:05.154] [276808] [HailoRT] [info] [edge_elements.cpp:396] [run_pull] Reading from stream was aborted!
[2026-04-08 02:52:05.154] [276808] [HailoRT] [info] [queue_elements.cpp:738] [run_in_thread] run_pull of queue element PullQEl_hw_read15yolov8n_10cls/conv52 was aborted!
[2026-04-08 02:52:05.154] [276808] [HailoRT] [info] [queue_elements.cpp:68] [operator()] Thread in element PullQEl_hw_read15yolov8n_10cls/conv52 is not running anymore, exiting..
[2026-04-08 02:52:05.154] [276756] [HailoRT] [info] [queue_elements.cpp:46] [~BaseQueueElement] Queue element PullQEl_hw_read15yolov8n_10cls/conv52 has 0 frames in his Queue on destruction
[2026-04-08 02:52:05.154] [276809] [HailoRT] [info] [queue_elements.cpp:68] [operator()] Thread in element UserBuffQEl15yolov8n_10cls/conv52 is not running anymore, exiting..
[2026-04-08 02:52:05.154] [276756] [HailoRT] [info] [queue_elements.cpp:46] [~BaseQueueElement] Queue element UserBuffQEl15yolov8n_10cls/conv52 has 0 frames in his Queue on destruction
[2026-04-08 02:52:05.154] [276810] [HailoRT] [info] [vdevice_native_stream.cpp:331] [read_impl] Failed read from stream HAILO_STREAM_ABORT(63) (device: 0001:03:00.0)
[2026-04-08 02:52:05.154] [276810] [HailoRT] [info] [edge_elements.cpp:396] [run_pull] Reading from stream was aborted!
[2026-04-08 02:52:05.154] [276811] [HailoRT] [info] [queue_elements.cpp:855] [run_in_thread] Shutdown event was signaled in dequeue of UserBuffQEl14yolov8n_10cls/conv53!
[2026-04-08 02:52:05.154] [276810] [HailoRT] [info] [queue_elements.cpp:738] [run_in_thread] run_pull of queue element PullQEl_hw_read14yolov8n_10cls/conv53 was aborted!
[2026-04-08 02:52:05.154] [276810] [HailoRT] [info] [queue_elements.cpp:68] [operator()] Thread in element PullQEl_hw_read14yolov8n_10cls/conv53 is not running anymore, exiting..
[2026-04-08 02:52:05.154] [276756] [HailoRT] [info] [queue_elements.cpp:46] [~BaseQueueElement] Queue element PullQEl_hw_read14yolov8n_10cls/conv53 has 0 frames in his Queue on destruction
[2026-04-08 02:52:05.154] [276811] [HailoRT] [info] [queue_elements.cpp:68] [operator()] Thread in element UserBuffQEl14yolov8n_10cls/conv53 is not running anymore, exiting..
[2026-04-08 02:52:05.154] [276756] [HailoRT] [info] [queue_elements.cpp:46] [~BaseQueueElement] Queue element UserBuffQEl14yolov8n_10cls/conv53 has 0 frames in his Queue on destruction
[2026-04-08 02:52:05.154] [276813] [HailoRT] [info] [queue_elements.cpp:855] [run_in_thread] Shutdown event was signaled in dequeue of UserBuffQEl11yolov8n_10cls/conv62!
[2026-04-08 02:52:05.154] [276812] [HailoRT] [info] [vdevice_native_stream.cpp:331] [read_impl] Failed read from stream HAILO_STREAM_ABORT(63) (device: 0001:03:00.0)
[2026-04-08 02:52:05.154] [276812] [HailoRT] [info] [edge_elements.cpp:396] [run_pull] Reading from stream was aborted!
[2026-04-08 02:52:05.154] [276812] [HailoRT] [info] [queue_elements.cpp:738] [run_in_thread] run_pull of queue element PullQEl_hw_read11yolov8n_10cls/conv62 was aborted!
[2026-04-08 02:52:05.154] [276812] [HailoRT] [info] [queue_elements.cpp:68] [operator()] Thread in element PullQEl_hw_read11yolov8n_10cls/conv62 is not running anymore, exiting..
[2026-04-08 02:52:05.154] [276756] [HailoRT] [info] [queue_elements.cpp:46] [~BaseQueueElement] Queue element PullQEl_hw_read11yolov8n_10cls/conv62 has 0 frames in his Queue on destruction
[2026-04-08 02:52:05.154] [276813] [HailoRT] [info] [queue_elements.cpp:68] [operator()] Thread in element UserBuffQEl11yolov8n_10cls/conv62 is not running anymore, exiting..
[2026-04-08 02:52:05.154] [276756] [HailoRT] [info] [queue_elements.cpp:46] [~BaseQueueElement] Queue element UserBuffQEl11yolov8n_10cls/conv62 has 0 frames in his Queue on destruction
[2026-04-08 02:52:05.154] [276815] [HailoRT] [info] [queue_elements.cpp:855] [run_in_thread] Shutdown event was signaled in dequeue of UserBuffQEl2yolov8n_10cls/conv63!
[2026-04-08 02:52:05.154] [276814] [HailoRT] [info] [vdevice_native_stream.cpp:331] [read_impl] Failed read from stream HAILO_STREAM_ABORT(63) (device: 0001:03:00.0)
[2026-04-08 02:52:05.154] [276814] [HailoRT] [info] [edge_elements.cpp:396] [run_pull] Reading from stream was aborted!
[2026-04-08 02:52:05.154] [276814] [HailoRT] [info] [queue_elements.cpp:738] [run_in_thread] run_pull of queue element PullQEl_hw_read2yolov8n_10cls/conv63 was aborted!
[2026-04-08 02:52:05.154] [276814] [HailoRT] [info] [queue_elements.cpp:68] [operator()] Thread in element PullQEl_hw_read2yolov8n_10cls/conv63 is not running anymore, exiting..
[2026-04-08 02:52:05.154] [276756] [HailoRT] [info] [queue_elements.cpp:46] [~BaseQueueElement] Queue element PullQEl_hw_read2yolov8n_10cls/conv63 has 0 frames in his Queue on destruction
[2026-04-08 02:52:05.154] [276815] [HailoRT] [info] [queue_elements.cpp:68] [operator()] Thread in element UserBuffQEl2yolov8n_10cls/conv63 is not running anymore, exiting..
[2026-04-08 02:52:05.154] [276756] [HailoRT] [info] [queue_elements.cpp:46] [~BaseQueueElement] Queue element UserBuffQEl2yolov8n_10cls/conv63 has 0 frames in his Queue on destruction
[2026-04-08 02:52:05.155] [276803] [HailoRT] [info] [queue_elements.cpp:68[2026-04-08 02:52:16.036] [281987] [HailoRT] [info] [vdevice.cpp:523] [create] Creating vdevice with params: device_count: 1, scheduling_algorithm: NONE, multi_process_service: false
[2026-04-08 02:52:16.049] [281987] [HailoRT] [info] [device.cpp:49] [Device] OS Version: Linux 6.12.25+rpt-rpi-2712 #1 SMP PREEMPT Debian 1:6.12.25-1+rpt1 (2025-04-30) aarch64
[2026-04-08 02:52:16.051] [281987] [HailoRT] [info] [control.cpp:108] [control__parse_identify_results] firmware_version is: 4.20.0
[2026-04-08 02:52:16.051] [281987] [HailoRT] [info] [vdevice.cpp:651] [create] VDevice Infos: 0001:03:00.0
[2026-04-08 02:52:16.057] [281987] [HailoRT] [info] [internal_buffer_manager.cpp:202] [print_execution_results] Default Internal buffer planner failed to meet requirements
[2026-04-08 02:52:16.057] [281987] [HailoRT] [info] [internal_buffer_manager.cpp:212] [print_execution_results] Default Internal buffer planner executed successfully
[2026-04-08 02:52:16.071] [281987] [HailoRT] [info] [device_internal.cpp:57] [configure] Configuring HEF took 19.894162 milliseconds
[2026-04-08 02:52:16.072] [281987] [HailoRT] [info] [vdevice.cpp:749] [configure] Configuring HEF on VDevice took 20.372502 milliseconds
[2026-04-08 02:52:16.072] [281987] [HailoRT] [info] [hef.cpp:1929] [get_network_group_and_network_name] No name was given. Addressing all networks of default network_group: yolov8n_10cls
[2026-04-08 02:52:16.073] [281987] [HailoRT] [info] [core_op.cpp:156] [activate] Activating yolov8n_10cls took 0.740548 milliseconds. Note that the function is asynchronous and thus the network is not fully activated yet.
[2026-04-08 02:52:16.073] [281987] [HailoRT] [info] [core_op.cpp:156] [activate] Activating yolov8n_10cls took 0.757789 milliseconds. Note that the function is asynchronous and thus the network is not fully activated yet.
[2026-04-08 02:52:16.073] [281987] [HailoRT] [info] [edge_elements.cpp:52] [create] Created (HwWriteEl10yolov8n_10cls/input_layer1 | hw_frame_size: 1228800)
[2026-04-08 02:52:16.073] [281987] [HailoRT] [info] [queue_elements.cpp:284] [create] Created (PushQEl10yolov8n_10cls/input_layer1 | timeout: 10s)
[2026-04-08 02:52:16.073] [281987] [HailoRT] [info] [filter_elements.cpp:101] [create] Created (PreInferEl10yolov8n_10cls/input_layer1 | Reorder - src_order: NHWC, src_shape: (640, 640, 3), dst_order: NHCW, dst_shape: (640, 640, 3))
[2026-04-08 02:52:16.073] [281987] [HailoRT] [info] [vstream.cpp:754] [InputVStreamImpl] Creating yolov8n_10cls/input_layer1...
[2026-04-08 02:52:16.073] [281987] [HailoRT] [info] [vstream_builder.cpp:102] [create_inputs] Input pipeline 'yolov8n_10cls/input_layer1': (PreInferEl10yolov8n_10cls/input_layer1 | Reorder - src_order: NHWC, src_shape: (640, 640, 3), dst_order: NHCW, dst_shape: (640, 640, 3)) >> (PushQEl10yolov8n_10cls/input_layer1 | timeout: 10s) >> (HwWriteEl10yolov8n_10cls/input_layer1 | hw_frame_size: 1228800) >> HW
[2026-04-08 02:52:16.073] [281987] [HailoRT] [info] [edge_elements.cpp:287] [create] Created (HwReadEl13yolov8n_10cls/conv41 | hw_frame_size: 409600)
[2026-04-08 02:52:16.073] [281987] [HailoRT] [info] [queue_elements.cpp:657] [create] Created (PullQEl_hw_read13yolov8n_10cls/conv41)
[2026-04-08 02:52:16.073] [281987] [HailoRT] [info] [filter_elements.cpp:375] [create] Created (PostInferEl13yolov8n_10cls/conv41 | Quantization - src_type: UINT8, dst_type FLOAT32, limvals_min: -19.2448, limvals_max: 19.703)
[2026-04-08 02:52:16.074] [281987] [HailoRT] [info] [queue_elements.cpp:800] [create] Created (UserBuffQEl13yolov8n_10cls/conv41 | timeout: 6s)
[2026-04-08 02:52:16.074] [281987] [HailoRT] [info] [vstream.cpp:1114] [OutputVStreamImpl] Creating yolov8n_10cls/conv41...
[2026-04-08 02:52:16.074] [281987] [HailoRT] [info] [vstream_builder.cpp:220] [create_outputs] Output pipeline 'yolov8n_10cls/conv41': HW >> (HwReadEl13yolov8n_10cls/conv41 | hw_frame_size: 409600) >> (PullQEl_hw_read13yolov8n_10cls/conv41) >> (PostInferEl13yolov8n_10cls/conv41 | Quantization - src_type: UINT8, dst_type FLOAT32, limvals_min: -19.2448, limvals_max: 19.703) >> (UserBuffQEl13yolov8n_10cls/conv41 | timeout: 6s)
[2026-04-08 02:52:16.074] [281987] [HailoRT] [info] [edge_elements.cpp:287] [create] Created (HwReadEl12yolov8n_10cls/conv42 | hw_frame_size: 102400)
[2026-04-08 02:52:16.074] [281987] [HailoRT] [info] [queue_elements.cpp:657] [create] Created (PullQEl_hw_read12yolov8n_10cls/conv42)
[2026-04-08 02:52:16.074] [281987] [HailoRT] [info] [filter_elements.cpp:375] [create] Created (PostInferEl12yolov8n_10cls/conv42 | Quantization - src_type: UINT8, dst_type FLOAT32, limvals_min: 0, limvals_max: 1 | Reorder - src_order: FCR, src_shape: (80, 80, 16), dst_order: FCR, dst_shape: (80, 80, 10))
[2026-04-08 02:52:16.074] [281987] [HailoRT] [info] [queue_elements.cpp:800] [create] Created (UserBuffQEl12yolov8n_10cls/conv42 | timeout: 6s)
[2026-04-08 02:52:16.074] [281987] [HailoRT] [info] [vstream.cpp:1114] [OutputVStreamImpl] Creating yolov8n_10cls/conv42...
[2026-04-08 02:52:16.074] [281987] [HailoRT] [info] [vstream_builder.cpp:220] [create_outputs] Output pipeline 'yolov8n_10cls/conv42': HW >> (HwReadEl12yolov8n_10cls/conv42 | hw_frame_size: 102400) >> (PullQEl_hw_read12yolov8n_10cls/conv42) >> (PostInferEl12yolov8n_10cls/conv42 | Quantization - src_type: UINT8, dst_type FLOAT32, limvals_min: 0, limvals_max: 1 | Reorder - src_order: FCR, src_shape: (80, 80, 16), dst_order: FCR, dst_shape: (80, 80, 10)) >> (UserBuffQEl12yolov8n_10cls/conv42 | timeout: 6s)
[2026-04-08 02:52:16.074] [281987] [HailoRT] [info] [edge_elements.cpp:287] [create] Created (HwReadEl15yolov8n_10cls/conv52 | hw_frame_size: 102400)
[2026-04-08 02:52:16.074] [281987] [HailoRT] [info] [queue_elements.cpp:657] [create] Created (PullQEl_hw_read15yolov8n_10cls/conv52)
[2026-04-08 02:52:16.074] [281987] [HailoRT] [info] [filter_elements.cpp:375] [create] Created (PostInferEl15yolov8n_10cls/conv52 | Quantization - src_type: UINT8, dst_type FLOAT32, limvals_min: -16.9789, limvals_max: 18.5098)
[2026-04-08 02:52:16.074] [281987] [HailoRT] [info] [queue_elements.cpp:800] [create] Created (UserBuffQEl15yolov8n_10cls/conv52 | timeout: 6s)
[2026-04-08 02:52:16.074] [281987] [HailoRT] [info] [vstream.cpp:1114] [OutputVStreamImpl] Creating yolov8n_10cls/conv52...
[2026-04-08 02:52:16.074] [281987] [HailoRT] [info] [vstream_builder.cpp:220] [create_outputs] Output pipeline 'yolov8n_10cls/conv52': HW >> (HwReadEl15yolov8n_10cls/conv52 | hw_frame_size: 102400) >> (PullQEl_hw_read15yolov8n_10cls/conv52) >> (PostInferEl15yolov8n_10cls/conv52 | Quantization - src_type: UINT8, dst_type FLOAT32, limvals_min: -16.9789, limvals_max: 18.5098) >> (UserBuffQEl15yolov8n_10cls/conv52 | timeout: 6s)
[2026-04-08 02:52:16.074] [281987] [HailoRT] [info] [edge_elements.cpp:287] [create] Created (HwReadEl14yolov8n_10cls/conv53 | hw_frame_size: 25600)
[2026-04-08 02:52:16.074] [281987] [HailoRT] [info] [queue_elements.cpp:657] [create] Created (PullQEl_hw_read14yolov8n_10cls/conv53)
[2026-04-08 02:52:16.075] [281987] [HailoRT] [info] [filter_elements.cpp:375] [create] Created (PostInferEl14yolov8n_10cls/conv53 | Quantization - src_type: UINT8, dst_type FLOAT32, limvals_min: 0, limvals_max: 1 | Reorder - src_order: FCR, src_shape: (40, 40, 16), dst_order: FCR, dst_shape: (40, 40, 10))
[2026-04-08 02:52:16.075] [281987] [HailoRT] [info] [queue_elements.cpp:800] [create] Created (UserBuffQEl14yolov8n_10cls/conv53 | timeout: 6s)
[2026-04-08 02:52:16.075] [281987] [HailoRT] [info] [vstream.cpp:1114] [OutputVStreamImpl] Creating yolov8n_10cls/conv53...
[2026-04-08 02:52:16.075] [281987] [HailoRT] [info] [vstream_builder.cpp:220] [create_outputs] Output pipeline 'yolov8n_10cls/conv53': HW >> (HwReadEl14yolov8n_10cls/conv53 | hw_frame_size: 25600) >> (PullQEl_hw_read14yolov8n_10cls/conv53) >> (PostInferEl14yolov8n_10cls/conv53 | Quantization - src_type: UINT8, dst_type FLOAT32, limvals_min: 0, limvals_max: 1 | Reorder - src_order: FCR, src_shape: (40, 40, 16), dst_order: FCR, dst_shape: (40, 40, 10)) >> (UserBuffQEl14yolov8n_10cls/conv53 | timeout: 6s)
[2026-04-08 02:52:16.075] [281987] [HailoRT] [info] [edge_elements.cpp:287] [create] Created (HwReadEl11yolov8n_10cls/conv62 | hw_frame_size: 25600)
[2026-04-08 02:52:16.075] [281987] [HailoRT] [info] [queue_elements.cpp:657] [create] Created (PullQEl_hw_read11yolov8n_10cls/conv62)
[2026-04-08 02:52:16.075] [281987] [HailoRT] [info] [filter_elements.cpp:375] [create] Created (PostInferEl11yolov8n_10cls/conv62 | Quantization - src_type: UINT8, dst_type FLOAT32, limvals_min: -18.3037, limvals_max: 14.3357)
[2026-04-08 02:52:16.075] [281987] [HailoRT] [info] [queue_elements.cpp:800] [create] Created (UserBuffQEl11yolov8n_10cls/conv62 | timeout: 6s)
[2026-04-08 02:52:16.075] [281987] [HailoRT] [info] [vstream.cpp:1114] [OutputVStreamImpl] Creating yolov8n_10cls/conv62...
[2026-04-08 02:52:16.075] [281987] [HailoRT] [info] [vstream_builder.cpp:220] [create_outputs] Output pipeline 'yolov8n_10cls/conv62': HW >> (HwReadEl11yolov8n_10cls/conv62 | hw_frame_size: 25600) >> (PullQEl_hw_read11yolov8n_10cls/conv62) >> (PostInferEl11yolov8n_10cls/conv62 | Quantization - src_type: UINT8, dst_type FLOAT32, limvals_min: -18.3037, limvals_max: 14.3357) >> (UserBuffQEl11yolov8n_10cls/conv62 | timeout: 6s)
[2026-04-08 02:52:16.075] [281987] [HailoRT] [info] [edge_elements.cpp:287] [create] Created (HwReadEl2yolov8n_10cls/conv63 | hw_frame_size: 6400)
[2026-04-08 02:52:16.075] [281987] [HailoRT] [info] [queue_elements.cpp:657] [create] Created (PullQEl_hw_read2yolov8n_10cls/conv63)
[2026-04-08 02:52:16.075] [281987] [HailoRT] [info] [filter_elements.cpp:375] [create] Created (PostInferEl2yolov8n_10cls/conv63 | Quantization - src_type: UINT8, dst_type FLOAT32, limvals_min: 0, limvals_max: 1 | Reorder - src_order: FCR, src_shape: (20, 20, 16), dst_order: FCR, dst_shape: (20, 20, 10))
[2026-04-08 02:52:16.075] [281987] [HailoRT] [info] [queue_elements.cpp:800] [create] Created (UserBuffQEl2yolov8n_10cls/conv63 | timeout: 6s)
[2026-04-08 02:52:16.075] [281987] [HailoRT] [info] [vstream.cpp:1114] [OutputVStreamImpl] Creating yolov8n_10cls/conv63...
[2026-04-08 02:52:16.075] [281987] [HailoRT] [info] [vstream_builder.cpp:220] [create_outputs] Output pipeline 'yolov8n_10cls/conv63': HW >> (HwReadEl2yolov8n_10cls/conv63 | hw_frame_size: 6400) >> (PullQEl_hw_read2yolov8n_10cls/conv63) >> (PostInferEl2yolov8n_10cls/conv63 | Quantization - src_type: UINT8, dst_type FLOAT32, limvals_min: 0, limvals_max: 1 | Reorder - src_order: FCR, src_shape: (20, 20, 16), dst_order: FCR, dst_shape: (20, 20, 10)) >> (UserBuffQEl2yolov8n_10cls/conv63 | timeout: 6s)
[2026-04-08 03:02:56.625] [282031] [HailoRT] [info] [queue_elements.cpp:855] [run_in_thread] Shutdown event was signaled in dequeue of UserBuffQEl13yolov8n_10cls/conv41!
[2026-04-08 03:02:56.625] [282030] [HailoRT] [info] [vdevice_native_stream.cpp:331] [read_impl] Failed read from stream HAILO_STREAM_ABORT(63) (device: 0001:03:00.0)
[2026-04-08 03:02:56.625] [282030] [HailoRT] [info] [edge_elements.cpp:396] [run_pull] Reading from stream was aborted!
[2026-04-08 03:02:56.625] [282030] [HailoRT] [info] [queue_elements.cpp:738] [run_in_thread] run_pull of queue element PullQEl_hw_read13yolov8n_10cls/conv41 was aborted!
[2026-04-08 03:02:56.625] [282030] [HailoRT] [info] [queue_elements.cpp:68] [operator()] Thread in element PullQEl_hw_read13yolov8n_10cls/conv41 is not running anymore, exiting..
[2026-04-08 03:02:56.625] [281987] [HailoRT] [info] [queue_elements.cpp:46] [~BaseQueueElement] Queue element PullQEl_hw_read13yolov8n_10cls/conv41 has 0 frames in his Queue on destruction
[2026-04-08 03:02:56.625] [282031] [HailoRT] [info] [queue_elements.cpp:68] [operator()] Thread in element UserBuffQEl13yolov8n_10cls/conv41 is not running anymore, exiting..
[2026-04-08 03:02:56.625] [281987] [HailoRT] [info] [queue_elements.cpp:46] [~BaseQueueElement] Queue element UserBuffQEl13yolov8n_10cls/conv41 has 0 frames in his Queue on destruction
[2026-04-08 03:02:56.625] [282032] [HailoRT] [info] [vdevice_native_stream.cpp:331] [read_impl] Failed read from stream HAILO_STREAM_ABORT(63) (device: 0001:03:00.0)
[2026-04-08 03:02:56.625] [282032] [HailoRT] [info] [edge_elements.cpp:396] [run_pull] Reading from stream was aborted!
[2026-04-08 03:02:56.625] [282033] [HailoRT] [info] [queue_elements.cpp:855] [run_in_thread] Shutdown event was signaled in dequeue of UserBuffQEl12yolov8n_10cls/conv42!
[2026-04-08 03:02:56.625] [282032] [HailoRT] [info] [queue_elements.cpp:738] [run_in_thread] run_pull of queue element PullQEl_hw_read12yolov8n_10cls/conv42 was aborted!
[2026-04-08 03:02:56.625] [282032] [HailoRT] [info] [queue_elements.cpp:68] [operator()] Thread in element PullQEl_hw_read12yolov8n_10cls/conv42 is not running anymore, exiting..
[2026-04-08 03:02:56.625] [281987] [HailoRT] [info] [queue_elements.cpp:46] [~BaseQueueElement] Queue element PullQEl_hw_read12yolov8n_10cls/conv42 has 0 frames in his Queue on destruction
[2026-04-08 03:02:56.625] [282033] [HailoRT] [info] [queue_elements.cpp:68] [operator()] Thread in element UserBuffQEl12yolov8n_10cls/conv42 is not running anymore, exiting..
[2026-04-08 03:02:56.625] [281987] [HailoRT] [info] [queue_elements.cpp:46] [~BaseQueueElement] Queue element UserBuffQEl12yolov8n_10cls/conv42 has 0 frames in his Queue on destruction
[2026-04-08 03:02:56.625] [282035] [HailoRT] [info] [queue_elements.cpp:855] [run_in_thread] Shutdown event was signaled in dequeue of UserBuffQEl15yolov8n_10cls/conv52!
[2026-04-08 03:02:56.625] [282034] [HailoRT] [info] [vdevice_native_stream.cpp:331] [read_impl] Failed read from stream HAILO_STREAM_ABORT(63) (device: 0001:03:00.0)
[2026-04-08 03:02:56.625] [282034] [HailoRT] [info] [edge_elements.cpp:396] [run_pull] Reading from stream was aborted!
[2026-04-08 03:02:56.625] [282034] [HailoRT] [info] [queue_elements.cpp:738] [run_in_thread] run_pull of queue element PullQEl_hw_read15yolov8n_10cls/conv52 was aborted!
[2026-04-08 03:02:56.625] [282034] [HailoRT] [info] [queue_elements.cpp:68] [operator()] Thread in element PullQEl_hw_read15yolov8n_10cls/conv52 is not running anymore, exiting..
[2026-04-08 03:02:56.625] [281987] [HailoRT] [info] [queue_elements.cpp:46] [~BaseQueueElement] Queue element PullQEl_hw_read15yolov8n_10cls/conv52 has 0 frames in his Queue on destruction
[2026-04-08 03:02:56.625] [282035] [HailoRT] [info] [queue_elements.cpp:68] [operator()] Thread in element UserBuffQEl15yolov8n_10cls/conv52 is not running anymore, exiting..
[2026-04-08 03:02:56.625] [281987] [HailoRT] [info] [queue_elements.cpp:46] [~BaseQueueElement] Queue element UserBuffQEl15yolov8n_10cls/conv52 has 0 frames in his Queue on destruction
[2026-04-08 03:02:56.625] [282036] [HailoRT] [info] [vdevice_native_stream.cpp:331] [read_impl] Failed read from stream HAILO_STREAM_ABORT(63) (device: 0001:03:00.0)
[2026-04-08 03:02:56.625] [282036] [HailoRT] [info] [edge_elements.cpp:396] [run_pull] Reading from stream was aborted!
[2026-04-08 03:02:56.625] [282036] [HailoRT] [info] [queue_elements.cpp:738] [run_in_thread] run_pull of queue element PullQEl_hw_read14yolov8n_10cls/conv53 was aborted!
[2026-04-08 03:02:56.625] [282037] [HailoRT] [info] [queue_elements.cpp:855] [run_in_thread] Shutdown event was signaled in dequeue of UserBuffQEl14yolov8n_10cls/conv53!
[2026-04-08 03:02:56.626] [282036] [HailoRT] [info] [queue_elements.cpp:68] [operator()] Thread in element PullQEl_hw_read14yolov8n_10cls/conv53 is not running anymore, exiting..
[2026-04-08 03:02:56.626] [281987] [HailoRT] [info] [queue_elements.cpp:46] [~BaseQueueElement] Queue element PullQEl_hw_read14yolov8n_10cls/conv53 has 0 frames in his Queue on destruction
[2026-04-08 03:02:56.626] [282037] [HailoRT] [info] [queue_elements.cpp:68] [operator()] Thread in element UserBuffQEl14yolov8n_10cls/conv53 is not running anymore, exiting..
[2026-04-08 03:02:56.626] [281987] [HailoRT] [info] [queue_elements.cpp:46] [~BaseQueueElement] Queue element UserBuffQEl14yolov8n_10cls/conv53 has 0 frames in his Queue on destruction
[2026-04-08 03:02:56.626] [282038] [HailoRT] [info] [vdevice_native_stream.cpp:331] [read_impl] Failed read from stream HAILO_STREAM_ABORT(63) (device: 0001:03:00.0)
[2026-04-08 03:02:56.626] [282039] [HailoRT] [info] [queue_elements.cpp:855] [run_in_thread] Shutdown event was signaled in dequeue of UserBuffQEl11yolov8n_10cls/conv62!
[2026-04-08 03:02:56.626] [282038] [HailoRT] [info] [edge_elements.cpp:396] [run_pull] Reading from stream was aborted!
[2026-04-08 03:02:56.626] [282038] [HailoRT] [info] [queue_elements.cpp:738] [run_in_thread] run_pull of queue element PullQEl_hw_read11yolov8n_10cls/conv62 was aborted!
[2026-04-08 03:02:56.626] [282038] [HailoRT] [info] [queue_elements.cpp:68] [operator()] Thread in element PullQEl_hw_read11yolov8n_10cls/conv62 is not running anymore, exiting..
[2026-04-08 03:02:56.626] [281987] [HailoRT] [info] [queue_elements.cpp:46] [~BaseQueueElement] Queue element PullQEl_hw_read11yolov8n_10cls/conv62 has 0 frames in his Queue on destruction
[2026-04-08 03:02:56.626] [282039] [HailoRT] [info] [queue_elements.cpp:68] [operator()] Thread in element UserBuffQEl11yolov8n_10cls/conv62 is not running anymore, exiting..
[2026-04-08 03:02:56.626] [281987] [HailoRT] [info] [queue_elements.cpp:46] [~BaseQueueElement] Queue element UserBuffQEl11yolov8n_10cls/conv62 has 0 frames in his Queue on destruction
[2026-04-08 03:02:56.626] [282040] [HailoRT] [info] [vdevice_native_stream.cpp:331] [read_impl] Failed read from stream HAILO_STREAM_ABORT(63) (device: 0001:03:00.0)
[2026-04-08 03:02:56.626] [282040] [HailoRT] [info] [edge_elements.cpp:396] [run_pull] Reading from stream was aborted!
[2026-04-08 03:02:56.626] [282040] [HailoRT] [info] [queue_elements.cpp:738] [run_in_thread] run_pull of queue element PullQEl_hw_read2yolov8n_10cls/conv63 was aborted!
[2026-04-08 03:02:56.626] [282041] [HailoRT] [info] [queue_elements.cpp:855] [run_in_thread] Shutdown event was signaled in dequeue of UserBuffQEl2yolov8n_10cls/conv63!
[2026-04-08 03:02:56.626] [282040] [HailoRT] [info] [queue_elements.cpp:68] [operator()] Thread in element PullQEl_hw_read2yolov8n_10cls/conv63 is not running anymore, exiting..
[2026-04-08 03:02:56.626] [281987] [HailoRT] [info] [queue_elements.cpp:46] [~BaseQueueElement] Queue element PullQEl_hw_read2yolov8n_10cls/conv63 has 0 frames in his Queue on destruction
[2026-04-08 03:02:56.626] [282041] [HailoRT] [info] [queue_elements.cpp:68] [operator()] Thread in element UserBuffQEl2yolov8n_10cls/conv63 is not running anymore, exiting..
[2026-04-08 03:02:56.626] [281987] [HailoRT] [info] [queue_elements.cpp:46] [~BaseQueueElement] Queue element UserBuffQEl2yolov8n_10cls/conv63 has 0 frames in his Queue on destruction
[2026-04-08 03:02:56.626] [281987] [HailoRT] [info] [queue_elements.cpp:46